{"/home/travis/build/npmtest/node-npmtest-angular2-materialize/test.js":{"path":"/home/travis/build/npmtest/node-npmtest-angular2-materialize/test.js","s":{"1":2,"2":2,"3":2,"4":2,"5":2,"6":2,"7":2,"8":1,"9":2,"10":2,"11":1,"12":1,"13":1,"14":1,"15":2,"16":2,"17":2,"18":2,"19":1,"20":1,"21":2,"22":2,"23":2,"24":1,"25":1,"26":1,"27":1,"28":1,"29":1,"30":1,"31":1,"32":1,"33":1,"34":1,"35":1,"36":1,"37":1,"38":1,"39":2,"40":2,"41":1,"42":2,"43":2,"44":1,"45":2,"46":2,"47":1,"48":2,"49":2,"50":1,"51":1,"52":1,"53":1,"54":1},"b":{"1":[2,1,1,1],"2":[1,1,1,1],"3":[1,1],"4":[1,1],"5":[1,1],"6":[1,1],"7":[1,1],"8":[1,1],"9":[1,1],"10":[1,1,1],"11":[1,1],"12":[1,1],"13":[1,1],"14":[1,1],"15":[1,1],"16":[1,1],"17":[1,1]},"f":{"1":2,"2":2,"3":2,"4":2,"5":2,"6":1,"7":1,"8":1,"9":2,"10":2,"11":2,"12":2,"13":1},"fnMap":{"1":{"name":"(anonymous_1)","line":12,"loc":{"start":{"line":12,"column":1},"end":{"line":12,"column":13}}},"2":{"name":"(anonymous_2)","line":19,"loc":{"start":{"line":19,"column":5},"end":{"line":19,"column":17}}},"3":{"name":"(anonymous_3)","line":23,"loc":{"start":{"line":23,"column":24},"end":{"line":23,"column":36}}},"4":{"name":"(anonymous_4)","line":61,"loc":{"start":{"line":61,"column":5},"end":{"line":61,"column":17}}},"5":{"name":"(anonymous_5)","line":82,"loc":{"start":{"line":82,"column":5},"end":{"line":82,"column":17}}},"6":{"name":"(anonymous_6)","line":91,"loc":{"start":{"line":91,"column":77},"end":{"line":94,"column":10}}},"7":{"name":"(anonymous_7)","line":112,"loc":{"start":{"line":112,"column":83},"end":{"line":115,"column":10}},"skip":true},"8":{"name":"(anonymous_8)","line":123,"loc":{"start":{"line":123,"column":77},"end":{"line":126,"column":10}},"skip":true},"9":{"name":"(anonymous_9)","line":139,"loc":{"start":{"line":139,"column":12},"end":{"line":139,"column":40}},"skip":true},"10":{"name":"(anonymous_10)","line":147,"loc":{"start":{"line":147,"column":77},"end":{"line":150,"column":10}},"skip":true},"11":{"name":"(anonymous_11)","line":158,"loc":{"start":{"line":158,"column":83},"end":{"line":161,"column":10}},"skip":true},"12":{"name":"(anonymous_12)","line":169,"loc":{"start":{"line":169,"column":79},"end":{"line":172,"column":10}},"skip":true},"13":{"name":"(anonymous_13)","line":180,"loc":{"start":{"line":180,"column":75},"end":{"line":183,"column":10}},"skip":true}},"statementMap":{"1":{"start":{"line":12,"column":0},"end":{"line":195,"column":5}},"2":{"start":{"line":14,"column":4},"end":{"line":14,"column":14}},"3":{"start":{"line":19,"column":4},"end":{"line":56,"column":9}},"4":{"start":{"line":21,"column":8},"end":{"line":21,"column":19}},"5":{"start":{"line":23,"column":8},"end":{"line":35,"column":13}},"6":{"start":{"line":24,"column":12},"end":{"line":34,"column":13}},"7":{"start":{"line":25,"column":16},"end":{"line":28,"column":30}},"8":{"start":{"line":30,"column":16},"end":{"line":33,"column":27}},"9":{"start":{"line":37,"column":8},"end":{"line":39,"column":21}},"10":{"start":{"line":40,"column":8},"end":{"line":53,"column":9}},"11":{"start":{"line":43,"column":12},"end":{"line":46,"column":14}},"12":{"start":{"line":47,"column":12},"end":{"line":47,"column":18}},"13":{"start":{"line":50,"column":12},"end":{"line":51,"column":46}},"14":{"start":{"line":52,"column":12},"end":{"line":52,"column":18}},"15":{"start":{"line":55,"column":8},"end":{"line":55,"column":35}},"16":{"start":{"line":61,"column":4},"end":{"line":63,"column":9}},"17":{"start":{"line":62,"column":8},"end":{"line":62,"column":15}},"18":{"start":{"line":64,"column":4},"end":{"line":77,"column":5}},"19":{"start":{"line":70,"column":8},"end":{"line":70,"column":14}},"20":{"start":{"line":76,"column":8},"end":{"line":76,"column":14}},"21":{"start":{"line":82,"column":4},"end":{"line":84,"column":9}},"22":{"start":{"line":83,"column":8},"end":{"line":83,"column":15}},"23":{"start":{"line":85,"column":4},"end":{"line":194,"column":5}},"24":{"start":{"line":91,"column":8},"end":{"line":99,"column":10}},"25":{"start":{"line":98,"column":12},"end":{"line":98,"column":35}},"26":{"start":{"line":102,"column":8},"end":{"line":104,"column":63}},"27":{"start":{"line":105,"column":8},"end":{"line":105,"column":14}},"28":{"start":{"line":112,"column":8},"end":{"line":121,"column":10},"skip":true},"29":{"start":{"line":119,"column":12},"end":{"line":119,"column":55},"skip":true},"30":{"start":{"line":120,"column":12},"end":{"line":120,"column":48},"skip":true},"31":{"start":{"line":123,"column":8},"end":{"line":136,"column":10},"skip":true},"32":{"start":{"line":130,"column":12},"end":{"line":130,"column":76},"skip":true},"33":{"start":{"line":131,"column":12},"end":{"line":131,"column":73},"skip":true},"34":{"start":{"line":132,"column":12},"end":{"line":132,"column":74},"skip":true},"35":{"start":{"line":133,"column":12},"end":{"line":133,"column":79},"skip":true},"36":{"start":{"line":134,"column":12},"end":{"line":134,"column":25},"skip":true},"37":{"start":{"line":135,"column":12},"end":{"line":135,"column":45},"skip":true},"38":{"start":{"line":138,"column":8},"end":{"line":145,"column":14},"skip":true},"39":{"start":{"line":143,"column":16},"end":{"line":143,"column":29},"skip":true},"40":{"start":{"line":144,"column":16},"end":{"line":144,"column":55},"skip":true},"41":{"start":{"line":147,"column":8},"end":{"line":156,"column":10},"skip":true},"42":{"start":{"line":154,"column":12},"end":{"line":154,"column":25},"skip":true},"43":{"start":{"line":155,"column":12},"end":{"line":155,"column":45},"skip":true},"44":{"start":{"line":158,"column":8},"end":{"line":167,"column":10},"skip":true},"45":{"start":{"line":165,"column":12},"end":{"line":165,"column":25},"skip":true},"46":{"start":{"line":166,"column":12},"end":{"line":166,"column":48},"skip":true},"47":{"start":{"line":169,"column":8},"end":{"line":178,"column":10},"skip":true},"48":{"start":{"line":176,"column":12},"end":{"line":176,"column":25},"skip":true},"49":{"start":{"line":177,"column":12},"end":{"line":177,"column":46},"skip":true},"50":{"start":{"line":180,"column":8},"end":{"line":189,"column":10},"skip":true},"51":{"start":{"line":187,"column":12},"end":{"line":187,"column":94},"skip":true},"52":{"start":{"line":188,"column":12},"end":{"line":188,"column":48},"skip":true},"53":{"start":{"line":192,"column":8},"end":{"line":192,"column":35},"skip":true},"54":{"start":{"line":193,"column":8},"end":{"line":193,"column":14},"skip":true}},"branchMap":{"1":{"line":25,"type":"binary-expr","locations":[{"start":{"line":25,"column":23},"end":{"line":25,"column":62}},{"start":{"line":26,"column":20},"end":{"line":26,"column":70}},{"start":{"line":27,"column":20},"end":{"line":27,"column":71}},{"start":{"line":28,"column":20},"end":{"line":28,"column":29}}]},"2":{"line":30,"type":"binary-expr","locations":[{"start":{"line":30,"column":23},"end":{"line":30,"column":37}},{"start":{"line":31,"column":20},"end":{"line":31,"column":61}},{"start":{"line":32,"column":20},"end":{"line":32,"column":70}},{"start":{"line":33,"column":20},"end":{"line":33,"column":26}}]},"3":{"line":37,"type":"cond-expr","locations":[{"start":{"line":38,"column":14},"end":{"line":38,"column":20}},{"start":{"line":39,"column":14},"end":{"line":39,"column":20}}]},"4":{"line":40,"type":"switch","locations":[{"start":{"line":42,"column":8},"end":{"line":47,"column":18}},{"start":{"line":49,"column":8},"end":{"line":52,"column":18}}]},"5":{"line":44,"type":"binary-expr","locations":[{"start":{"line":44,"column":16},"end":{"line":44,"column":44}},{"start":{"line":44,"column":48},"end":{"line":44,"column":66}}]},"6":{"line":50,"type":"binary-expr","locations":[{"start":{"line":50,"column":21},"end":{"line":50,"column":49}},{"start":{"line":50,"column":53},"end":{"line":50,"column":72}}]},"7":{"line":64,"type":"switch","locations":[{"start":{"line":69,"column":4},"end":{"line":70,"column":14}},{"start":{"line":75,"column":4},"end":{"line":76,"column":14}}]},"8":{"line":85,"type":"switch","locations":[{"start":{"line":90,"column":4},"end":{"line":105,"column":14}},{"start":{"line":111,"column":4},"end":{"line":193,"column":14},"skip":true}]},"9":{"line":91,"type":"binary-expr","locations":[{"start":{"line":91,"column":42},"end":{"line":91,"column":73}},{"start":{"line":91,"column":77},"end":{"line":99,"column":9}}]},"10":{"line":102,"type":"binary-expr","locations":[{"start":{"line":102,"column":18},"end":{"line":102,"column":32}},{"start":{"line":103,"column":12},"end":{"line":103,"column":53}},{"start":{"line":104,"column":12},"end":{"line":104,"column":61}}]},"11":{"line":112,"type":"binary-expr","locations":[{"start":{"line":112,"column":45},"end":{"line":112,"column":79},"skip":true},{"start":{"line":112,"column":83},"end":{"line":121,"column":9},"skip":true}]},"12":{"line":123,"type":"binary-expr","locations":[{"start":{"line":123,"column":42},"end":{"line":123,"column":73},"skip":true},{"start":{"line":123,"column":77},"end":{"line":136,"column":9},"skip":true}]},"13":{"line":138,"type":"binary-expr","locations":[{"start":{"line":138,"column":48},"end":{"line":138,"column":85},"skip":true},{"start":{"line":139,"column":12},"end":{"line":145,"column":13},"skip":true}]},"14":{"line":147,"type":"binary-expr","locations":[{"start":{"line":147,"column":42},"end":{"line":147,"column":73},"skip":true},{"start":{"line":147,"column":77},"end":{"line":156,"column":9},"skip":true}]},"15":{"line":158,"type":"binary-expr","locations":[{"start":{"line":158,"column":45},"end":{"line":158,"column":79},"skip":true},{"start":{"line":158,"column":83},"end":{"line":167,"column":9},"skip":true}]},"16":{"line":169,"type":"binary-expr","locations":[{"start":{"line":169,"column":43},"end":{"line":169,"column":75},"skip":true},{"start":{"line":169,"column":79},"end":{"line":178,"column":9},"skip":true}]},"17":{"line":180,"type":"binary-expr","locations":[{"start":{"line":180,"column":41},"end":{"line":180,"column":71},"skip":true},{"start":{"line":180,"column":75},"end":{"line":189,"column":9},"skip":true}]}},"code":["/* istanbul instrument in package npmtest_angular2_materialize */","/*jslint","    bitwise: true,","    browser: true,","    maxerr: 8,","    maxlen: 96,","    node: true,","    nomen: true,","    regexp: true,","    stupid: true","*/","(function () {","    'use strict';","    var local;","","","","    // run shared js-env code - pre-init","    (function () {","        // init local","        local = {};","        // init modeJs","        local.modeJs = (function () {","            try {","                return typeof navigator.userAgent === 'string' &&","                    typeof document.querySelector('body') === 'object' &&","                    typeof XMLHttpRequest.prototype.open === 'function' &&","                    'browser';","            } catch (errorCaughtBrowser) {","                return module.exports &&","                    typeof process.versions.node === 'string' &&","                    typeof require('http').createServer === 'function' &&","                    'node';","            }","        }());","        // init global","        local.global = local.modeJs === 'browser'","            ? window","            : global;","        switch (local.modeJs) {","        // re-init local from window.local","        case 'browser':","            local = local.global.utility2.objectSetDefault(","                local.global.utility2_rollup || local.global.local,","                local.global.utility2","            );","            break;","        // re-init local from example.js","        case 'node':","            local = (local.global.utility2_rollup || require('utility2'))","                .requireExampleJsFromReadme();","            break;","        }","        // export local","        local.global.local = local;","    }());","","","","    // run shared js-env code - function","    (function () {","        return;","    }());","    switch (local.modeJs) {","","","","    // run browser js-env code - function","    case 'browser':","        break;","","","","    // run node js-env code - function","    case 'node':","        break;","    }","","","","    // run shared js-env code - post-init","    (function () {","        return;","    }());","    switch (local.modeJs) {","","","","    // run browser js-env code - post-init","    case 'browser':","        local.testCase_browser_nullCase = local.testCase_browser_nullCase || function (","            options,","            onError","        ) {","        /*","         * this function will test browsers's null-case handling-behavior-behavior","         */","            onError(null, options);","        };","","        // run tests","        local.nop(local.modeTest &&","            document.querySelector('#testRunButton1') &&","            document.querySelector('#testRunButton1').click());","        break;","","","","    // run node js-env code - post-init","    /* istanbul ignore next */","    case 'node':","        local.testCase_buildApidoc_default = local.testCase_buildApidoc_default || function (","            options,","            onError","        ) {","        /*","         * this function will test buildApidoc's default handling-behavior-behavior","         */","            options = { modulePathList: module.paths };","            local.buildApidoc(options, onError);","        };","","        local.testCase_buildApp_default = local.testCase_buildApp_default || function (","            options,","            onError","        ) {","        /*","         * this function will test buildApp's default handling-behavior-behavior","         */","            local.testCase_buildReadme_default(options, local.onErrorThrow);","            local.testCase_buildLib_default(options, local.onErrorThrow);","            local.testCase_buildTest_default(options, local.onErrorThrow);","            local.testCase_buildCustomOrg_default(options, local.onErrorThrow);","            options = [];","            local.buildApp(options, onError);","        };","","        local.testCase_buildCustomOrg_default = local.testCase_buildCustomOrg_default ||","            function (options, onError) {","            /*","             * this function will test buildCustomOrg's default handling-behavior","             */","                options = {};","                local.buildCustomOrg(options, onError);","            };","","        local.testCase_buildLib_default = local.testCase_buildLib_default || function (","            options,","            onError","        ) {","        /*","         * this function will test buildLib's default handling-behavior","         */","            options = {};","            local.buildLib(options, onError);","        };","","        local.testCase_buildReadme_default = local.testCase_buildReadme_default || function (","            options,","            onError","        ) {","        /*","         * this function will test buildReadme's default handling-behavior-behavior","         */","            options = {};","            local.buildReadme(options, onError);","        };","","        local.testCase_buildTest_default = local.testCase_buildTest_default || function (","            options,","            onError","        ) {","        /*","         * this function will test buildTest's default handling-behavior","         */","            options = {};","            local.buildTest(options, onError);","        };","","        local.testCase_webpage_default = local.testCase_webpage_default || function (","            options,","            onError","        ) {","        /*","         * this function will test webpage's default handling-behavior","         */","            options = { modeCoverageMerge: true, url: local.serverLocalHost + '?modeTest=1' };","            local.browserTest(options, onError);","        };","","        // run test-server","        local.testRunServer(local);","        break;","    }","}());",""],"l":{"12":2,"14":2,"19":2,"21":2,"23":2,"24":2,"25":2,"30":1,"37":2,"40":2,"43":1,"47":1,"50":1,"52":1,"55":2,"61":2,"62":2,"64":2,"70":1,"76":1,"82":2,"83":2,"85":2,"91":1,"98":1,"102":1,"105":1,"112":1,"119":1,"120":1,"123":1,"130":1,"131":1,"132":1,"133":1,"134":1,"135":1,"138":1,"143":2,"144":2,"147":1,"154":2,"155":2,"158":1,"165":2,"166":2,"169":1,"176":2,"177":2,"180":1,"187":1,"188":1,"192":1,"193":1}},"/home/travis/build/npmtest/node-npmtest-angular2-materialize/lib.npmtest_angular2_materialize.js":{"path":"/home/travis/build/npmtest/node-npmtest-angular2-materialize/lib.npmtest_angular2_materialize.js","s":{"1":2,"2":2,"3":2,"4":2,"5":2,"6":2,"7":2,"8":1,"9":2,"10":2,"11":2,"12":2,"13":1,"14":1,"15":1,"16":1},"b":{"1":[2,1,1,1],"2":[1,1,1,1],"3":[1,1],"4":[2,2],"5":[1,1]},"f":{"1":2,"2":2,"3":2},"fnMap":{"1":{"name":"(anonymous_1)","line":12,"loc":{"start":{"line":12,"column":1},"end":{"line":12,"column":13}}},"2":{"name":"(anonymous_2)","line":19,"loc":{"start":{"line":19,"column":5},"end":{"line":19,"column":17}}},"3":{"name":"(anonymous_3)","line":23,"loc":{"start":{"line":23,"column":24},"end":{"line":23,"column":36}}}},"statementMap":{"1":{"start":{"line":12,"column":0},"end":{"line":53,"column":5}},"2":{"start":{"line":14,"column":4},"end":{"line":14,"column":14}},"3":{"start":{"line":19,"column":4},"end":{"line":52,"column":9}},"4":{"start":{"line":21,"column":8},"end":{"line":21,"column":19}},"5":{"start":{"line":23,"column":8},"end":{"line":35,"column":13}},"6":{"start":{"line":24,"column":12},"end":{"line":34,"column":13}},"7":{"start":{"line":25,"column":16},"end":{"line":28,"column":30}},"8":{"start":{"line":30,"column":16},"end":{"line":33,"column":27}},"9":{"start":{"line":37,"column":8},"end":{"line":39,"column":21}},"10":{"start":{"line":41,"column":8},"end":{"line":41,"column":54}},"11":{"start":{"line":43,"column":8},"end":{"line":43,"column":65}},"12":{"start":{"line":45,"column":8},"end":{"line":51,"column":9}},"13":{"start":{"line":46,"column":12},"end":{"line":46,"column":71}},"14":{"start":{"line":48,"column":12},"end":{"line":48,"column":35}},"15":{"start":{"line":49,"column":12},"end":{"line":49,"column":49}},"16":{"start":{"line":50,"column":12},"end":{"line":50,"column":43}}},"branchMap":{"1":{"line":25,"type":"binary-expr","locations":[{"start":{"line":25,"column":23},"end":{"line":25,"column":62}},{"start":{"line":26,"column":20},"end":{"line":26,"column":70}},{"start":{"line":27,"column":20},"end":{"line":27,"column":71}},{"start":{"line":28,"column":20},"end":{"line":28,"column":29}}]},"2":{"line":30,"type":"binary-expr","locations":[{"start":{"line":30,"column":23},"end":{"line":30,"column":37}},{"start":{"line":31,"column":20},"end":{"line":31,"column":61}},{"start":{"line":32,"column":20},"end":{"line":32,"column":70}},{"start":{"line":33,"column":20},"end":{"line":33,"column":26}}]},"3":{"line":37,"type":"cond-expr","locations":[{"start":{"line":38,"column":14},"end":{"line":38,"column":20}},{"start":{"line":39,"column":14},"end":{"line":39,"column":20}}]},"4":{"line":41,"type":"binary-expr","locations":[{"start":{"line":41,"column":16},"end":{"line":41,"column":44}},{"start":{"line":41,"column":48},"end":{"line":41,"column":53}}]},"5":{"line":45,"type":"if","locations":[{"start":{"line":45,"column":8},"end":{"line":45,"column":8}},{"start":{"line":45,"column":8},"end":{"line":45,"column":8}}]}},"code":["/* istanbul instrument in package npmtest_angular2_materialize */","/*jslint","    bitwise: true,","    browser: true,","    maxerr: 8,","    maxlen: 96,","    node: true,","    nomen: true,","    regexp: true,","    stupid: true","*/","(function () {","    'use strict';","    var local;","","","","    // run shared js-env code - pre-init","    (function () {","        // init local","        local = {};","        // init modeJs","        local.modeJs = (function () {","            try {","                return typeof navigator.userAgent === 'string' &&","                    typeof document.querySelector('body') === 'object' &&","                    typeof XMLHttpRequest.prototype.open === 'function' &&","                    'browser';","            } catch (errorCaughtBrowser) {","                return module.exports &&","                    typeof process.versions.node === 'string' &&","                    typeof require('http').createServer === 'function' &&","                    'node';","            }","        }());","        // init global","        local.global = local.modeJs === 'browser'","            ? window","            : global;","        // init utility2_rollup","        local = local.global.utility2_rollup || local;","        // init lib","        local.local = local.npmtest_angular2_materialize = local;","        // init exports","        if (local.modeJs === 'browser') {","            local.global.utility2_npmtest_angular2_materialize = local;","        } else {","            module.exports = local;","            module.exports.__dirname = __dirname;","            module.exports.module = module;","        }","    }());","}());",""],"l":{"12":2,"14":2,"19":2,"21":2,"23":2,"24":2,"25":2,"30":1,"37":2,"41":2,"43":2,"45":2,"46":1,"48":1,"49":1,"50":1}},"/home/travis/build/npmtest/node-npmtest-angular2-materialize/example.js":{"path":"/home/travis/build/npmtest/node-npmtest-angular2-materialize/example.js","s":{"1":2,"2":2,"3":2,"4":2,"5":2,"6":2,"7":2,"8":1,"9":2,"10":2,"11":2,"12":2,"13":1,"14":2,"15":2,"16":2,"17":2,"18":2,"19":0,"20":2,"21":1,"22":1,"23":1,"24":1,"25":1,"26":0,"27":0,"28":1,"29":1,"30":2,"31":0,"32":0,"33":0,"34":1,"35":2,"36":2,"37":3,"38":3,"39":3,"40":3,"41":0,"42":3,"43":3,"44":3,"45":1,"46":3,"47":1,"48":1,"49":1,"50":1,"51":1,"52":1,"53":1,"54":1,"55":1,"56":1,"57":0,"58":1,"59":6,"60":6,"61":1,"62":2,"63":0,"64":2,"65":1,"66":1,"67":0,"68":0,"69":0,"70":0,"71":0,"72":0,"73":0,"74":0,"75":0,"76":0,"77":0,"78":0,"79":0,"80":0,"81":0,"82":0,"83":0},"b":{"1":[2,1,1,1],"2":[1,1,1,1],"3":[1,1],"4":[2,2],"5":[1,1],"6":[1,1],"7":[2,0],"8":[2,1,1,1,1,1],"9":[0,2,0],"10":[1,1],"11":[2,1,1],"12":[1,0],"13":[0,2],"14":[2,0,0,0,0,0,0],"15":[0,3],"16":[3,0],"17":[1,1],"18":[0,1],"19":[1,2,0,2],"20":[1,0],"21":[1,1],"22":[0,0],"23":[0,0],"24":[0,0],"25":[0,0],"26":[0,0],"27":[0,0],"28":[0,0]},"f":{"1":2,"2":2,"3":2,"4":2,"5":2,"6":2,"7":3,"8":3,"9":3,"10":1,"11":6,"12":0},"fnMap":{"1":{"name":"(anonymous_1)","line":26,"loc":{"start":{"line":26,"column":1},"end":{"line":26,"column":13}}},"2":{"name":"(anonymous_2)","line":33,"loc":{"start":{"line":33,"column":5},"end":{"line":33,"column":17}}},"3":{"name":"(anonymous_3)","line":37,"loc":{"start":{"line":37,"column":24},"end":{"line":37,"column":36}}},"4":{"name":"(anonymous_4)","line":69,"loc":{"start":{"line":69,"column":31},"end":{"line":69,"column":48}},"skip":true},"5":{"name":"(anonymous_5)","line":78,"loc":{"start":{"line":78,"column":26},"end":{"line":78,"column":45}},"skip":true},"6":{"name":"(anonymous_6)","line":123,"loc":{"start":{"line":123,"column":33},"end":{"line":123,"column":48}},"skip":true},"7":{"name":"(anonymous_7)","line":125,"loc":{"start":{"line":125,"column":27},"end":{"line":125,"column":39}},"skip":true},"8":{"name":"(anonymous_8)","line":133,"loc":{"start":{"line":133,"column":59},"end":{"line":133,"column":74}},"skip":true},"9":{"name":"(anonymous_9)","line":143,"loc":{"start":{"line":143,"column":45},"end":{"line":143,"column":62}},"skip":true},"10":{"name":"(anonymous_10)","line":144,"loc":{"start":{"line":144,"column":73},"end":{"line":144,"column":92}},"skip":true},"11":{"name":"(anonymous_11)","line":272,"loc":{"start":{"line":272,"column":51},"end":{"line":272,"column":77}},"skip":true},"12":{"name":"(anonymous_12)","line":315,"loc":{"start":{"line":315,"column":32},"end":{"line":315,"column":61}},"skip":true}},"statementMap":{"1":{"start":{"line":26,"column":0},"end":{"line":326,"column":5}},"2":{"start":{"line":28,"column":4},"end":{"line":28,"column":14}},"3":{"start":{"line":33,"column":4},"end":{"line":60,"column":9}},"4":{"start":{"line":35,"column":8},"end":{"line":35,"column":19}},"5":{"start":{"line":37,"column":8},"end":{"line":49,"column":13}},"6":{"start":{"line":38,"column":12},"end":{"line":48,"column":13}},"7":{"start":{"line":39,"column":16},"end":{"line":42,"column":30}},"8":{"start":{"line":44,"column":16},"end":{"line":47,"column":27}},"9":{"start":{"line":51,"column":8},"end":{"line":53,"column":21}},"10":{"start":{"line":55,"column":8},"end":{"line":57,"column":45}},"11":{"start":{"line":59,"column":8},"end":{"line":59,"column":35}},"12":{"start":{"line":61,"column":4},"end":{"line":325,"column":5}},"13":{"start":{"line":69,"column":8},"end":{"line":121,"column":10},"skip":true},"14":{"start":{"line":70,"column":12},"end":{"line":88,"column":13},"skip":true},"15":{"start":{"line":76,"column":16},"end":{"line":87,"column":19},"skip":true},"16":{"start":{"line":79,"column":20},"end":{"line":86,"column":21},"skip":true},"17":{"start":{"line":82,"column":24},"end":{"line":82,"column":43},"skip":true},"18":{"start":{"line":83,"column":24},"end":{"line":83,"column":30},"skip":true},"19":{"start":{"line":85,"column":24},"end":{"line":85,"column":49},"skip":true},"20":{"start":{"line":89,"column":12},"end":{"line":107,"column":13},"skip":true},"21":{"start":{"line":92,"column":16},"end":{"line":102,"column":17},"skip":true},"22":{"start":{"line":93,"column":20},"end":{"line":93,"column":86},"skip":true},"23":{"start":{"line":94,"column":20},"end":{"line":95,"column":45},"skip":true},"24":{"start":{"line":96,"column":20},"end":{"line":96,"column":42},"skip":true},"25":{"start":{"line":97,"column":20},"end":{"line":97,"column":48},"skip":true},"26":{"start":{"line":100,"column":20},"end":{"line":100,"column":85},"skip":true},"27":{"start":{"line":101,"column":20},"end":{"line":101,"column":96},"skip":true},"28":{"start":{"line":103,"column":16},"end":{"line":103,"column":22},"skip":true},"29":{"start":{"line":106,"column":16},"end":{"line":106,"column":22},"skip":true},"30":{"start":{"line":108,"column":12},"end":{"line":120,"column":13},"skip":true},"31":{"start":{"line":114,"column":16},"end":{"line":119,"column":17},"skip":true},"32":{"start":{"line":116,"column":20},"end":{"line":116,"column":78},"skip":true},"33":{"start":{"line":118,"column":20},"end":{"line":118,"column":47},"skip":true},"34":{"start":{"line":123,"column":8},"end":{"line":141,"column":11},"skip":true},"35":{"start":{"line":124,"column":12},"end":{"line":124,"column":54},"skip":true},"36":{"start":{"line":125,"column":12},"end":{"line":140,"column":14},"skip":true},"37":{"start":{"line":126,"column":16},"end":{"line":126,"column":28},"skip":true},"38":{"start":{"line":127,"column":16},"end":{"line":127,"column":69},"skip":true},"39":{"start":{"line":128,"column":16},"end":{"line":128,"column":75},"skip":true},"40":{"start":{"line":129,"column":16},"end":{"line":131,"column":17},"skip":true},"41":{"start":{"line":130,"column":20},"end":{"line":130,"column":27},"skip":true},"42":{"start":{"line":133,"column":16},"end":{"line":137,"column":36},"skip":true},"43":{"start":{"line":134,"column":20},"end":{"line":136,"column":55},"skip":true},"44":{"start":{"line":139,"column":16},"end":{"line":139,"column":57},"skip":true},"45":{"start":{"line":143,"column":8},"end":{"line":147,"column":11},"skip":true},"46":{"start":{"line":144,"column":12},"end":{"line":146,"column":15},"skip":true},"47":{"start":{"line":145,"column":16},"end":{"line":145,"column":70},"skip":true},"48":{"start":{"line":149,"column":8},"end":{"line":149,"column":31},"skip":true},"49":{"start":{"line":150,"column":8},"end":{"line":150,"column":14},"skip":true},"50":{"start":{"line":158,"column":8},"end":{"line":158,"column":31},"skip":true},"51":{"start":{"line":160,"column":8},"end":{"line":160,"column":33},"skip":true},"52":{"start":{"line":161,"column":8},"end":{"line":161,"column":37},"skip":true},"53":{"start":{"line":162,"column":8},"end":{"line":162,"column":35},"skip":true},"54":{"start":{"line":164,"column":8},"end":{"line":164,"column":50},"skip":true},"55":{"start":{"line":166,"column":8},"end":{"line":256,"column":2},"skip":true},"56":{"start":{"line":258,"column":8},"end":{"line":286,"column":9},"skip":true},"57":{"start":{"line":259,"column":12},"end":{"line":269,"column":14},"skip":true},"58":{"start":{"line":271,"column":12},"end":{"line":285,"column":19},"skip":true},"59":{"start":{"line":274,"column":20},"end":{"line":274,"column":35},"skip":true},"60":{"start":{"line":275,"column":20},"end":{"line":284,"column":21},"skip":true},"61":{"start":{"line":277,"column":24},"end":{"line":277,"column":64},"skip":true},"62":{"start":{"line":279,"column":24},"end":{"line":279,"column":40},"skip":true},"63":{"start":{"line":281,"column":24},"end":{"line":281,"column":40},"skip":true},"64":{"start":{"line":283,"column":24},"end":{"line":283,"column":39},"skip":true},"65":{"start":{"line":288,"column":8},"end":{"line":290,"column":9},"skip":true},"66":{"start":{"line":289,"column":12},"end":{"line":289,"column":18},"skip":true},"67":{"start":{"line":291,"column":8},"end":{"line":293,"column":54},"skip":true},"68":{"start":{"line":296,"column":8},"end":{"line":301,"column":37},"skip":true},"69":{"start":{"line":303,"column":8},"end":{"line":303,"column":82},"skip":true},"70":{"start":{"line":306,"column":8},"end":{"line":308,"column":9},"skip":true},"71":{"start":{"line":307,"column":12},"end":{"line":307,"column":82},"skip":true},"72":{"start":{"line":310,"column":8},"end":{"line":312,"column":9},"skip":true},"73":{"start":{"line":311,"column":12},"end":{"line":311,"column":18},"skip":true},"74":{"start":{"line":313,"column":8},"end":{"line":313,"column":54},"skip":true},"75":{"start":{"line":314,"column":8},"end":{"line":314,"column":69},"skip":true},"76":{"start":{"line":315,"column":8},"end":{"line":323,"column":36},"skip":true},"77":{"start":{"line":316,"column":12},"end":{"line":316,"column":61},"skip":true},"78":{"start":{"line":317,"column":12},"end":{"line":320,"column":13},"skip":true},"79":{"start":{"line":318,"column":16},"end":{"line":318,"column":75},"skip":true},"80":{"start":{"line":319,"column":16},"end":{"line":319,"column":23},"skip":true},"81":{"start":{"line":321,"column":12},"end":{"line":321,"column":38},"skip":true},"82":{"start":{"line":322,"column":12},"end":{"line":322,"column":27},"skip":true},"83":{"start":{"line":324,"column":8},"end":{"line":324,"column":14},"skip":true}},"branchMap":{"1":{"line":39,"type":"binary-expr","locations":[{"start":{"line":39,"column":23},"end":{"line":39,"column":62}},{"start":{"line":40,"column":20},"end":{"line":40,"column":70}},{"start":{"line":41,"column":20},"end":{"line":41,"column":71}},{"start":{"line":42,"column":20},"end":{"line":42,"column":29}}]},"2":{"line":44,"type":"binary-expr","locations":[{"start":{"line":44,"column":23},"end":{"line":44,"column":37}},{"start":{"line":45,"column":20},"end":{"line":45,"column":61}},{"start":{"line":46,"column":20},"end":{"line":46,"column":70}},{"start":{"line":47,"column":20},"end":{"line":47,"column":26}}]},"3":{"line":51,"type":"cond-expr","locations":[{"start":{"line":52,"column":14},"end":{"line":52,"column":20}},{"start":{"line":53,"column":14},"end":{"line":53,"column":20}}]},"4":{"line":55,"type":"binary-expr","locations":[{"start":{"line":55,"column":16},"end":{"line":55,"column":44}},{"start":{"line":55,"column":49},"end":{"line":57,"column":43}}]},"5":{"line":55,"type":"cond-expr","locations":[{"start":{"line":56,"column":14},"end":{"line":56,"column":64}},{"start":{"line":57,"column":14},"end":{"line":57,"column":43}}]},"6":{"line":61,"type":"switch","locations":[{"start":{"line":68,"column":4},"end":{"line":150,"column":14},"skip":true},{"start":{"line":156,"column":4},"end":{"line":324,"column":14},"skip":true}]},"7":{"line":70,"type":"if","locations":[{"start":{"line":70,"column":12},"end":{"line":70,"column":12},"skip":true},{"start":{"line":70,"column":12},"end":{"line":70,"column":12},"skip":true}]},"8":{"line":70,"type":"binary-expr","locations":[{"start":{"line":70,"column":16},"end":{"line":70,"column":22},"skip":true},{"start":{"line":70,"column":27},"end":{"line":70,"column":32},"skip":true},{"start":{"line":71,"column":20},"end":{"line":71,"column":39},"skip":true},{"start":{"line":72,"column":20},"end":{"line":72,"column":49},"skip":true},{"start":{"line":73,"column":20},"end":{"line":73,"column":58},"skip":true},{"start":{"line":74,"column":20},"end":{"line":74,"column":69},"skip":true}]},"9":{"line":79,"type":"switch","locations":[{"start":{"line":80,"column":20},"end":{"line":80,"column":33},"skip":true},{"start":{"line":81,"column":20},"end":{"line":83,"column":30},"skip":true},{"start":{"line":84,"column":20},"end":{"line":85,"column":49},"skip":true}]},"10":{"line":89,"type":"switch","locations":[{"start":{"line":90,"column":12},"end":{"line":103,"column":22},"skip":true},{"start":{"line":105,"column":12},"end":{"line":106,"column":22},"skip":true}]},"11":{"line":89,"type":"binary-expr","locations":[{"start":{"line":89,"column":20},"end":{"line":89,"column":25},"skip":true},{"start":{"line":89,"column":29},"end":{"line":89,"column":48},"skip":true},{"start":{"line":89,"column":52},"end":{"line":89,"column":74},"skip":true}]},"12":{"line":92,"type":"if","locations":[{"start":{"line":92,"column":16},"end":{"line":92,"column":16},"skip":true},{"start":{"line":92,"column":16},"end":{"line":92,"column":16},"skip":true}]},"13":{"line":108,"type":"if","locations":[{"start":{"line":108,"column":12},"end":{"line":108,"column":12},"skip":true},{"start":{"line":108,"column":12},"end":{"line":108,"column":12},"skip":true}]},"14":{"line":108,"type":"binary-expr","locations":[{"start":{"line":108,"column":16},"end":{"line":108,"column":61},"skip":true},{"start":{"line":108,"column":66},"end":{"line":108,"column":72},"skip":true},{"start":{"line":108,"column":77},"end":{"line":108,"column":82},"skip":true},{"start":{"line":109,"column":20},"end":{"line":109,"column":39},"skip":true},{"start":{"line":110,"column":20},"end":{"line":110,"column":49},"skip":true},{"start":{"line":111,"column":20},"end":{"line":111,"column":58},"skip":true},{"start":{"line":112,"column":20},"end":{"line":112,"column":68},"skip":true}]},"15":{"line":129,"type":"if","locations":[{"start":{"line":129,"column":16},"end":{"line":129,"column":16},"skip":true},{"start":{"line":129,"column":16},"end":{"line":129,"column":16},"skip":true}]},"16":{"line":134,"type":"cond-expr","locations":[{"start":{"line":135,"column":26},"end":{"line":135,"column":29},"skip":true},{"start":{"line":136,"column":26},"end":{"line":136,"column":54},"skip":true}]},"17":{"line":164,"type":"binary-expr","locations":[{"start":{"line":164,"column":27},"end":{"line":164,"column":43},"skip":true},{"start":{"line":164,"column":47},"end":{"line":164,"column":49},"skip":true}]},"18":{"line":258,"type":"if","locations":[{"start":{"line":258,"column":8},"end":{"line":258,"column":8},"skip":true},{"start":{"line":258,"column":8},"end":{"line":258,"column":8},"skip":true}]},"19":{"line":275,"type":"switch","locations":[{"start":{"line":276,"column":20},"end":{"line":277,"column":64},"skip":true},{"start":{"line":278,"column":20},"end":{"line":279,"column":40},"skip":true},{"start":{"line":280,"column":20},"end":{"line":281,"column":40},"skip":true},{"start":{"line":282,"column":20},"end":{"line":283,"column":39},"skip":true}]},"20":{"line":288,"type":"if","locations":[{"start":{"line":288,"column":8},"end":{"line":288,"column":8},"skip":true},{"start":{"line":288,"column":8},"end":{"line":288,"column":8},"skip":true}]},"21":{"line":288,"type":"binary-expr","locations":[{"start":{"line":288,"column":12},"end":{"line":288,"column":40},"skip":true},{"start":{"line":288,"column":44},"end":{"line":288,"column":67},"skip":true}]},"22":{"line":292,"type":"binary-expr","locations":[{"start":{"line":292,"column":12},"end":{"line":292,"column":50},"skip":true},{"start":{"line":293,"column":12},"end":{"line":293,"column":53},"skip":true}]},"23":{"line":297,"type":"binary-expr","locations":[{"start":{"line":297,"column":12},"end":{"line":297,"column":78},"skip":true},{"start":{"line":298,"column":12},"end":{"line":301,"column":36},"skip":true}]},"24":{"line":303,"type":"binary-expr","locations":[{"start":{"line":303,"column":43},"end":{"line":303,"column":75},"skip":true},{"start":{"line":303,"column":79},"end":{"line":303,"column":81},"skip":true}]},"25":{"line":306,"type":"if","locations":[{"start":{"line":306,"column":8},"end":{"line":306,"column":8},"skip":true},{"start":{"line":306,"column":8},"end":{"line":306,"column":8},"skip":true}]},"26":{"line":310,"type":"if","locations":[{"start":{"line":310,"column":8},"end":{"line":310,"column":8},"skip":true},{"start":{"line":310,"column":8},"end":{"line":310,"column":8},"skip":true}]},"27":{"line":313,"type":"binary-expr","locations":[{"start":{"line":313,"column":27},"end":{"line":313,"column":43},"skip":true},{"start":{"line":313,"column":47},"end":{"line":313,"column":53},"skip":true}]},"28":{"line":317,"type":"if","locations":[{"start":{"line":317,"column":12},"end":{"line":317,"column":12},"skip":true},{"start":{"line":317,"column":12},"end":{"line":317,"column":12},"skip":true}]}},"code":["/*","example.js","","quickstart example","","instruction","    1. save this script as example.js","    2. run the shell command:","        $ npm install npmtest-angular2-materialize && PORT=8081 node example.js","    3. play with the browser-demo on http://127.0.0.1:8081","*/","","","","/* istanbul instrument in package npmtest_angular2_materialize */","/*jslint","    bitwise: true,","    browser: true,","    maxerr: 8,","    maxlen: 96,","    node: true,","    nomen: true,","    regexp: true,","    stupid: true","*/","(function () {","    'use strict';","    var local;","","","","    // run shared js-env code - pre-init","    (function () {","        // init local","        local = {};","        // init modeJs","        local.modeJs = (function () {","            try {","                return typeof navigator.userAgent === 'string' &&","                    typeof document.querySelector('body') === 'object' &&","                    typeof XMLHttpRequest.prototype.open === 'function' &&","                    'browser';","            } catch (errorCaughtBrowser) {","                return module.exports &&","                    typeof process.versions.node === 'string' &&","                    typeof require('http').createServer === 'function' &&","                    'node';","            }","        }());","        // init global","        local.global = local.modeJs === 'browser'","            ? window","            : global;","        // init utility2_rollup","        local = local.global.utility2_rollup || (local.modeJs === 'browser'","            ? local.global.utility2_npmtest_angular2_materialize","            : global.utility2_moduleExports);","        // export local","        local.global.local = local;","    }());","    switch (local.modeJs) {","","","","    // post-init","    // run browser js-env code - post-init","    /* istanbul ignore next */","    case 'browser':","        local.testRunBrowser = function (event) {","            if (!event || (event &&","                    event.currentTarget &&","                    event.currentTarget.className &&","                    event.currentTarget.className.includes &&","                    event.currentTarget.className.includes('onreset'))) {","                // reset output","                Array.from(","                    document.querySelectorAll('body > .resettable')","                ).forEach(function (element) {","                    switch (element.tagName) {","                    case 'INPUT':","                    case 'TEXTAREA':","                        element.value = '';","                        break;","                    default:","                        element.textContent = '';","                    }","                });","            }","            switch (event && event.currentTarget && event.currentTarget.id) {","            case 'testRunButton1':","                // show tests","                if (document.querySelector('#testReportDiv1').style.display === 'none') {","                    document.querySelector('#testReportDiv1').style.display = 'block';","                    document.querySelector('#testRunButton1').textContent =","                        'hide internal test';","                    local.modeTest = true;","                    local.testRunDefault(local);","                // hide tests","                } else {","                    document.querySelector('#testReportDiv1').style.display = 'none';","                    document.querySelector('#testRunButton1').textContent = 'run internal test';","                }","                break;","            // custom-case","            default:","                break;","            }","            if (document.querySelector('#inputTextareaEval1') && (!event || (event &&","                    event.currentTarget &&","                    event.currentTarget.className &&","                    event.currentTarget.className.includes &&","                    event.currentTarget.className.includes('oneval')))) {","                // try to eval input-code","                try {","                    /*jslint evil: true*/","                    eval(document.querySelector('#inputTextareaEval1').value);","                } catch (errorCaught) {","                    console.error(errorCaught);","                }","            }","        };","        // log stderr and stdout to #outputTextareaStdout1","        ['error', 'log'].forEach(function (key) {","            console[key + '_original'] = console[key];","            console[key] = function () {","                var element;","                console[key + '_original'].apply(console, arguments);","                element = document.querySelector('#outputTextareaStdout1');","                if (!element) {","                    return;","                }","                // append text to #outputTextareaStdout1","                element.value += Array.from(arguments).map(function (arg) {","                    return typeof arg === 'string'","                        ? arg","                        : JSON.stringify(arg, null, 4);","                }).join(' ') + '\\n';","                // scroll textarea to bottom","                element.scrollTop = element.scrollHeight;","            };","        });","        // init event-handling","        ['change', 'click', 'keyup'].forEach(function (event) {","            Array.from(document.querySelectorAll('.on' + event)).forEach(function (element) {","                element.addEventListener(event, local.testRunBrowser);","            });","        });","        // run tests","        local.testRunBrowser();","        break;","","","","    // run node js-env code - post-init","    /* istanbul ignore next */","    case 'node':","        // export local","        module.exports = local;","        // require modules","        local.fs = require('fs');","        local.http = require('http');","        local.url = require('url');","        // init assets","        local.assetsDict = local.assetsDict || {};","        /* jslint-ignore-begin */","        local.assetsDict['/assets.index.template.html'] = '\\","<!doctype html>\\n\\","<html lang=\"en\">\\n\\","<head>\\n\\","<meta charset=\"UTF-8\">\\n\\","<meta name=\"viewport\" content=\"width=device-width, initial-scale=1\">\\n\\","<title>{{env.npm_package_name}} (v{{env.npm_package_version}})</title>\\n\\","<style>\\n\\","/*csslint\\n\\","    box-sizing: false,\\n\\","    universal-selector: false\\n\\","*/\\n\\","* {\\n\\","    box-sizing: border-box;\\n\\","}\\n\\","body {\\n\\","    background: #dde;\\n\\","    font-family: Arial, Helvetica, sans-serif;\\n\\","    margin: 2rem;\\n\\","}\\n\\","body > * {\\n\\","    margin-bottom: 1rem;\\n\\","}\\n\\",".utility2FooterDiv {\\n\\","    margin-top: 20px;\\n\\","    text-align: center;\\n\\","}\\n\\","</style>\\n\\","<style>\\n\\","/*csslint\\n\\","*/\\n\\","textarea {\\n\\","    font-family: monospace;\\n\\","    height: 10rem;\\n\\","    width: 100%;\\n\\","}\\n\\","textarea[readonly] {\\n\\","    background: #ddd;\\n\\","}\\n\\","</style>\\n\\","</head>\\n\\","<body>\\n\\","<!-- utility2-comment\\n\\","<div id=\"ajaxProgressDiv1\" style=\"background: #d00; height: 2px; left: 0; margin: 0; padding: 0; position: fixed; top: 0; transition: background 0.5s, width 1.5s; width: 25%;\"></div>\\n\\","utility2-comment -->\\n\\","<h1>\\n\\","<!-- utility2-comment\\n\\","    <a\\n\\","        {{#if env.npm_package_homepage}}\\n\\","        href=\"{{env.npm_package_homepage}}\"\\n\\","        {{/if env.npm_package_homepage}}\\n\\","        target=\"_blank\"\\n\\","    >\\n\\","utility2-comment -->\\n\\","        {{env.npm_package_name}} (v{{env.npm_package_version}})\\n\\","<!-- utility2-comment\\n\\","    </a>\\n\\","utility2-comment -->\\n\\","</h1>\\n\\","<h3>{{env.npm_package_description}}</h3>\\n\\","<!-- utility2-comment\\n\\","<h4><a download href=\"assets.app.js\">download standalone app</a></h4>\\n\\","<button class=\"onclick onreset\" id=\"testRunButton1\">run internal test</button><br>\\n\\","<div id=\"testReportDiv1\" style=\"display: none;\"></div>\\n\\","utility2-comment -->\\n\\","\\n\\","\\n\\","\\n\\","<label>stderr and stdout</label>\\n\\","<textarea class=\"resettable\" id=\"outputTextareaStdout1\" readonly></textarea>\\n\\","<!-- utility2-comment\\n\\","{{#if isRollup}}\\n\\","<script src=\"assets.app.js\"></script>\\n\\","{{#unless isRollup}}\\n\\","utility2-comment -->\\n\\","<script src=\"assets.utility2.rollup.js\"></script>\\n\\","<script src=\"jsonp.utility2._stateInit?callback=window.utility2._stateInit\"></script>\\n\\","<script src=\"assets.npmtest_angular2_materialize.rollup.js\"></script>\\n\\","<script src=\"assets.example.js\"></script>\\n\\","<script src=\"assets.test.js\"></script>\\n\\","<!-- utility2-comment\\n\\","{{/if isRollup}}\\n\\","utility2-comment -->\\n\\","<div class=\"utility2FooterDiv\">\\n\\","    [ this app was created with\\n\\","    <a href=\"https://github.com/kaizhu256/node-utility2\" target=\"_blank\">utility2</a>\\n\\","    ]\\n\\","</div>\\n\\","</body>\\n\\","</html>\\n\\","';","        /* jslint-ignore-end */","        if (local.templateRender) {","            local.assetsDict['/'] = local.templateRender(","                local.assetsDict['/assets.index.template.html'],","                {","                    env: local.objectSetDefault(local.env, {","                        npm_package_description: 'the greatest app in the world!',","                        npm_package_name: 'my-app',","                        npm_package_nameAlias: 'my_app',","                        npm_package_version: '0.0.1'","                    })","                }","            );","        } else {","            local.assetsDict['/'] = local.assetsDict['/assets.index.template.html']","                .replace((/\\{\\{env\\.(\\w+?)\\}\\}/g), function (match0, match1) {","                    // jslint-hack","                    String(match0);","                    switch (match1) {","                    case 'npm_package_description':","                        return 'the greatest app in the world!';","                    case 'npm_package_name':","                        return 'my-app';","                    case 'npm_package_nameAlias':","                        return 'my_app';","                    case 'npm_package_version':","                        return '0.0.1';","                    }","                });","        }","        // run the cli","        if (local.global.utility2_rollup || module !== require.main) {","            break;","        }","        local.assetsDict['/assets.example.js'] =","            local.assetsDict['/assets.example.js'] ||","            local.fs.readFileSync(__filename, 'utf8');","        // bug-workaround - long $npm_package_buildCustomOrg","        /* jslint-ignore-begin */","        local.assetsDict['/assets.npmtest_angular2_materialize.rollup.js'] =","            local.assetsDict['/assets.npmtest_angular2_materialize.rollup.js'] ||","            local.fs.readFileSync(","                local.npmtest_angular2_materialize.__dirname + '/lib.npmtest_angular2_materialize.js',","                'utf8'","            ).replace((/^#!/), '//');","        /* jslint-ignore-end */","        local.assetsDict['/favicon.ico'] = local.assetsDict['/favicon.ico'] || '';","        // if $npm_config_timeout_exit exists,","        // then exit this process after $npm_config_timeout_exit ms","        if (Number(process.env.npm_config_timeout_exit)) {","            setTimeout(process.exit, Number(process.env.npm_config_timeout_exit));","        }","        // start server","        if (local.global.utility2_serverHttp1) {","            break;","        }","        process.env.PORT = process.env.PORT || '8081';","        console.error('server starting on port ' + process.env.PORT);","        local.http.createServer(function (request, response) {","            request.urlParsed = local.url.parse(request.url);","            if (local.assetsDict[request.urlParsed.pathname] !== undefined) {","                response.end(local.assetsDict[request.urlParsed.pathname]);","                return;","            }","            response.statusCode = 404;","            response.end();","        }).listen(process.env.PORT);","        break;","    }","}());",""],"l":{"26":2,"28":2,"33":2,"35":2,"37":2,"38":2,"39":2,"44":1,"51":2,"55":2,"59":2,"61":2,"69":1,"70":2,"76":2,"79":2,"82":2,"83":2,"85":1,"89":2,"92":1,"93":1,"94":1,"96":1,"97":1,"100":1,"101":1,"103":1,"106":1,"108":2,"114":1,"116":1,"118":1,"123":1,"124":2,"125":2,"126":3,"127":3,"128":3,"129":3,"130":1,"133":3,"134":3,"139":3,"143":1,"144":3,"145":1,"149":1,"150":1,"158":1,"160":1,"161":1,"162":1,"164":1,"166":1,"258":1,"259":1,"271":1,"274":6,"275":6,"277":1,"279":2,"281":1,"283":2,"288":1,"289":1,"291":1,"296":1,"303":1,"306":1,"307":1,"310":1,"311":1,"313":1,"314":1,"315":1,"316":1,"317":1,"318":1,"319":1,"321":1,"322":1,"324":1}},"/home/travis/build/npmtest/node-npmtest-angular2-materialize/node_modules/angular2-materialize/dist/index.js":{"path":"/home/travis/build/npmtest/node-npmtest-angular2-materialize/node_modules/angular2-materialize/dist/index.js","s":{"1":2,"2":0,"3":0,"4":0,"5":0,"6":0,"7":0,"8":0,"9":0,"10":1,"11":0,"12":0,"13":0,"14":0,"15":0},"b":{"1":[0,0],"2":[0,0]},"f":{"1":0},"fnMap":{"1":{"name":"toast","line":13,"loc":{"start":{"line":13,"column":0},"end":{"line":13,"column":17}}}},"statementMap":{"1":{"start":{"line":2,"column":0},"end":{"line":2,"column":65}},"2":{"start":{"line":3,"column":0},"end":{"line":3,"column":76}},"3":{"start":{"line":4,"column":0},"end":{"line":4,"column":59}},"4":{"start":{"line":5,"column":0},"end":{"line":5,"column":67}},"5":{"start":{"line":6,"column":0},"end":{"line":8,"column":1}},"6":{"start":{"line":7,"column":4},"end":{"line":7,"column":182}},"7":{"start":{"line":9,"column":0},"end":{"line":11,"column":1}},"8":{"start":{"line":10,"column":4},"end":{"line":10,"column":191}},"9":{"start":{"line":12,"column":0},"end":{"line":12,"column":22}},"10":{"start":{"line":13,"column":0},"end":{"line":19,"column":1}},"11":{"start":{"line":14,"column":4},"end":{"line":14,"column":18}},"12":{"start":{"line":15,"column":4},"end":{"line":17,"column":5}},"13":{"start":{"line":16,"column":8},"end":{"line":16,"column":33}},"14":{"start":{"line":18,"column":4},"end":{"line":18,"column":47}},"15":{"start":{"line":20,"column":0},"end":{"line":20,"column":22}}},"branchMap":{"1":{"line":6,"type":"if","locations":[{"start":{"line":6,"column":0},"end":{"line":6,"column":0}},{"start":{"line":6,"column":0},"end":{"line":6,"column":0}}]},"2":{"line":9,"type":"if","locations":[{"start":{"line":9,"column":0},"end":{"line":9,"column":0}},{"start":{"line":9,"column":0},"end":{"line":9,"column":0}}]}},"code":["\"use strict\";","var materialize_directive_1 = require(\"./materialize-directive\");","exports.MaterializeDirective = materialize_directive_1.MaterializeDirective;","var materialize_module_1 = require(\"./materialize-module\");","exports.MaterializeModule = materialize_module_1.MaterializeModule;","if (!(\"Materialize\" in window)) {","    throw new Error(\"Couldn't find Materialize object on window. It is created by the materialize-css library. Please import materialize-css before importing angular2-materialize.\");","}","if (!(\"Waves\" in window)) {","    throw new Error(\"Couldn't find Waves object on window. It is supposed to be created by the materialize-css library. Please import materialize-css before importing angular2-materialize.\");","}","Waves.displayEffect();","function toast() {","    var args = [];","    for (var _i = 0; _i < arguments.length; _i++) {","        args[_i] = arguments[_i];","    }","    Materialize.toast.apply(Materialize, args);","}","exports.toast = toast;","//# sourceMappingURL=index.js.map"],"l":{"2":2,"3":0,"4":0,"5":0,"6":0,"7":0,"9":0,"10":0,"12":0,"13":1,"14":0,"15":0,"16":0,"18":0,"20":0}},"/home/travis/build/npmtest/node-npmtest-angular2-materialize/node_modules/angular2-materialize/dist/materialize-directive.js":{"path":"/home/travis/build/npmtest/node-npmtest-angular2-materialize/node_modules/angular2-materialize/dist/materialize-directive.js","s":{"1":2,"2":0,"3":0,"4":0,"5":0,"6":0,"7":0,"8":0,"9":2,"10":0,"11":0,"12":2,"13":0,"14":0,"15":1,"16":0,"17":0,"18":0,"19":0,"20":0,"21":0,"22":0,"23":0,"24":0,"25":0,"26":0,"27":0,"28":0,"29":0,"30":0,"31":0,"32":0,"33":0,"34":0,"35":0,"36":0,"37":0,"38":0,"39":0,"40":0,"41":0,"42":0,"43":0,"44":0,"45":0,"46":0,"47":0,"48":0,"49":0,"50":0,"51":0,"52":0,"53":0,"54":0,"55":0,"56":0,"57":0,"58":0,"59":0,"60":0,"61":0,"62":0,"63":0,"64":0,"65":0,"66":0,"67":0,"68":0,"69":0,"70":0,"71":0,"72":0,"73":0,"74":0,"75":0,"76":0,"77":0,"78":0,"79":0,"80":0,"81":0,"82":0,"83":0,"84":0,"85":0,"86":0,"87":0,"88":0,"89":0,"90":0,"91":0,"92":0,"93":0,"94":0,"95":0,"96":0,"97":0,"98":0,"99":0,"100":0,"101":0,"102":0,"103":0,"104":0,"105":0,"106":0,"107":0,"108":0,"109":0,"110":0,"111":0,"112":0,"113":0,"114":0,"115":0,"116":0,"117":0,"118":0,"119":0,"120":0,"121":0,"122":0,"123":0,"124":0,"125":0,"126":0,"127":0,"128":0,"129":0,"130":0,"131":0,"132":0,"133":0,"134":0,"135":0,"136":0,"137":0,"138":0,"139":0,"140":0,"141":0,"142":0,"143":0,"144":0,"145":0,"146":0,"147":0,"148":0,"149":0,"150":0,"151":0,"152":0,"153":0,"154":0,"155":0,"156":0,"157":0,"158":0,"159":0,"160":0,"161":0,"162":0,"163":0,"164":0,"165":0,"166":0,"167":0,"168":0,"169":0,"170":0,"171":0,"172":0,"173":0,"174":0,"175":0},"b":{"1":[2,2,2],"2":[0,0],"3":[0,0],"4":[0,0],"5":[0,0],"6":[0,0],"7":[0,0],"8":[0,0],"9":[0,0],"10":[0,0,0],"11":[2,2,2],"12":[0,0],"13":[0,0],"14":[0,0],"15":[0,0],"16":[0,0],"17":[0,0],"18":[0,0],"19":[0,0],"20":[0,0],"21":[0,0],"22":[0,0],"23":[0,0],"24":[0,0],"25":[0,0],"26":[0,0],"27":[0,0],"28":[0,0],"29":[0,0],"30":[0,0],"31":[0,0],"32":[0,0],"33":[0,0],"34":[0,0],"35":[0,0],"36":[0,0],"37":[0,0],"38":[0,0],"39":[0,0],"40":[0,0],"41":[0,0],"42":[0,0],"43":[0,0],"44":[0,0],"45":[0,0],"46":[0,0],"47":[0,0],"48":[0,0],"49":[0,0],"50":[0,0],"51":[0,0],"52":[0,0],"53":[0,0]},"f":{"1":0,"2":0,"3":0,"4":0,"5":0,"6":0,"7":0,"8":0,"9":0,"10":0,"11":0,"12":0,"13":0,"14":0,"15":0,"16":0,"17":0,"18":0,"19":0,"20":0,"21":0,"22":0,"23":0,"24":0,"25":0,"26":0,"27":0,"28":0,"29":0,"30":0,"31":0,"32":0,"33":0,"34":0},"fnMap":{"1":{"name":"(anonymous_1)","line":2,"loc":{"start":{"line":2,"column":46},"end":{"line":2,"column":87}}},"2":{"name":"(anonymous_2)","line":8,"loc":{"start":{"line":8,"column":46},"end":{"line":8,"column":62}}},"3":{"name":"(anonymous_3)","line":13,"loc":{"start":{"line":13,"column":28},"end":{"line":13,"column":40}}},"4":{"name":"MaterializeDirective","line":14,"loc":{"start":{"line":14,"column":4},"end":{"line":14,"column":39}}},"5":{"name":"(anonymous_5)","line":26,"loc":{"start":{"line":26,"column":13},"end":{"line":26,"column":31}}},"6":{"name":"(anonymous_6)","line":34,"loc":{"start":{"line":34,"column":13},"end":{"line":34,"column":32}}},"7":{"name":"(anonymous_7)","line":36,"loc":{"start":{"line":36,"column":30},"end":{"line":36,"column":48}}},"8":{"name":"(anonymous_8)","line":49,"loc":{"start":{"line":49,"column":13},"end":{"line":49,"column":37}}},"9":{"name":"(anonymous_9)","line":57,"loc":{"start":{"line":57,"column":13},"end":{"line":57,"column":32}}},"10":{"name":"(anonymous_10)","line":61,"loc":{"start":{"line":61,"column":53},"end":{"line":61,"column":65}}},"11":{"name":"(anonymous_11)","line":64,"loc":{"start":{"line":64,"column":49},"end":{"line":64,"column":68}}},"12":{"name":"(anonymous_12)","line":67,"loc":{"start":{"line":67,"column":23},"end":{"line":67,"column":35}}},"13":{"name":"(anonymous_13)","line":70,"loc":{"start":{"line":70,"column":49},"end":{"line":70,"column":61}}},"14":{"name":"(anonymous_14)","line":73,"loc":{"start":{"line":73,"column":47},"end":{"line":73,"column":59}}},"15":{"name":"(anonymous_15)","line":99,"loc":{"start":{"line":99,"column":60},"end":{"line":99,"column":72}}},"16":{"name":"(anonymous_16)","line":109,"loc":{"start":{"line":109,"column":59},"end":{"line":109,"column":71}}},"17":{"name":"(anonymous_17)","line":119,"loc":{"start":{"line":119,"column":39},"end":{"line":119,"column":52}}},"18":{"name":"(anonymous_18)","line":137,"loc":{"start":{"line":137,"column":39},"end":{"line":137,"column":52}}},"19":{"name":"(anonymous_19)","line":143,"loc":{"start":{"line":143,"column":41},"end":{"line":143,"column":54}}},"20":{"name":"(anonymous_20)","line":146,"loc":{"start":{"line":146,"column":38},"end":{"line":146,"column":50}}},"21":{"name":"(anonymous_21)","line":156,"loc":{"start":{"line":156,"column":39},"end":{"line":156,"column":52}}},"22":{"name":"(anonymous_22)","line":161,"loc":{"start":{"line":161,"column":41},"end":{"line":161,"column":60}}},"23":{"name":"(anonymous_23)","line":162,"loc":{"start":{"line":162,"column":44},"end":{"line":162,"column":63}}},"24":{"name":"(anonymous_24)","line":163,"loc":{"start":{"line":163,"column":44},"end":{"line":163,"column":63}}},"25":{"name":"(anonymous_25)","line":170,"loc":{"start":{"line":170,"column":64},"end":{"line":170,"column":96}}},"26":{"name":"(anonymous_26)","line":178,"loc":{"start":{"line":178,"column":26},"end":{"line":178,"column":38}}},"27":{"name":"(anonymous_27)","line":221,"loc":{"start":{"line":221,"column":47},"end":{"line":221,"column":59}}},"28":{"name":"(anonymous_28)","line":224,"loc":{"start":{"line":224,"column":46},"end":{"line":224,"column":58}}},"29":{"name":"(anonymous_29)","line":227,"loc":{"start":{"line":227,"column":50},"end":{"line":227,"column":62}}},"30":{"name":"(anonymous_30)","line":230,"loc":{"start":{"line":230,"column":50},"end":{"line":230,"column":62}}},"31":{"name":"(anonymous_31)","line":233,"loc":{"start":{"line":233,"column":45},"end":{"line":233,"column":57}}},"32":{"name":"(anonymous_32)","line":236,"loc":{"start":{"line":236,"column":52},"end":{"line":236,"column":64}}},"33":{"name":"(anonymous_33)","line":239,"loc":{"start":{"line":239,"column":48},"end":{"line":239,"column":60}}},"34":{"name":"(anonymous_34)","line":242,"loc":{"start":{"line":242,"column":53},"end":{"line":242,"column":65}}}},"statementMap":{"1":{"start":{"line":2,"column":0},"end":{"line":7,"column":2}},"2":{"start":{"line":3,"column":4},"end":{"line":3,"column":129}},"3":{"start":{"line":4,"column":4},"end":{"line":5,"column":150}},"4":{"start":{"line":4,"column":79},"end":{"line":4,"column":131}},"5":{"start":{"line":5,"column":9},"end":{"line":5,"column":150}},"6":{"start":{"line":5,"column":58},"end":{"line":5,"column":150}},"7":{"start":{"line":5,"column":81},"end":{"line":5,"column":150}},"8":{"start":{"line":6,"column":4},"end":{"line":6,"column":66}},"9":{"start":{"line":8,"column":0},"end":{"line":10,"column":2}},"10":{"start":{"line":9,"column":4},"end":{"line":9,"column":109}},"11":{"start":{"line":9,"column":79},"end":{"line":9,"column":109}},"12":{"start":{"line":11,"column":0},"end":{"line":11,"column":38}},"13":{"start":{"line":12,"column":0},"end":{"line":12,"column":65}},"14":{"start":{"line":13,"column":0},"end":{"line":250,"column":5}},"15":{"start":{"line":14,"column":4},"end":{"line":24,"column":5}},"16":{"start":{"line":15,"column":8},"end":{"line":15,"column":23}},"17":{"start":{"line":16,"column":8},"end":{"line":16,"column":28}},"18":{"start":{"line":17,"column":8},"end":{"line":17,"column":34}},"19":{"start":{"line":18,"column":8},"end":{"line":18,"column":34}},"20":{"start":{"line":19,"column":8},"end":{"line":19,"column":38}},"21":{"start":{"line":20,"column":8},"end":{"line":20,"column":32}},"22":{"start":{"line":21,"column":8},"end":{"line":21,"column":48}},"23":{"start":{"line":22,"column":8},"end":{"line":22,"column":46}},"24":{"start":{"line":23,"column":8},"end":{"line":23,"column":33}},"25":{"start":{"line":25,"column":4},"end":{"line":32,"column":7}},"26":{"start":{"line":27,"column":12},"end":{"line":27,"column":34}},"27":{"start":{"line":28,"column":12},"end":{"line":28,"column":41}},"28":{"start":{"line":33,"column":4},"end":{"line":47,"column":7}},"29":{"start":{"line":35,"column":12},"end":{"line":35,"column":29}},"30":{"start":{"line":36,"column":12},"end":{"line":43,"column":15}},"31":{"start":{"line":37,"column":16},"end":{"line":42,"column":17}},"32":{"start":{"line":38,"column":20},"end":{"line":38,"column":61}},"33":{"start":{"line":41,"column":20},"end":{"line":41,"column":83}},"34":{"start":{"line":48,"column":4},"end":{"line":54,"column":7}},"35":{"start":{"line":50,"column":12},"end":{"line":50,"column":46}},"36":{"start":{"line":55,"column":4},"end":{"line":60,"column":7}},"37":{"start":{"line":61,"column":4},"end":{"line":63,"column":6}},"38":{"start":{"line":62,"column":8},"end":{"line":62,"column":37}},"39":{"start":{"line":64,"column":4},"end":{"line":69,"column":6}},"40":{"start":{"line":65,"column":8},"end":{"line":65,"column":25}},"41":{"start":{"line":66,"column":8},"end":{"line":68,"column":9}},"42":{"start":{"line":67,"column":12},"end":{"line":67,"column":87}},"43":{"start":{"line":67,"column":37},"end":{"line":67,"column":79}},"44":{"start":{"line":70,"column":4},"end":{"line":72,"column":6}},"45":{"start":{"line":71,"column":8},"end":{"line":71,"column":38}},"46":{"start":{"line":73,"column":4},"end":{"line":98,"column":6}},"47":{"start":{"line":74,"column":8},"end":{"line":74,"column":51}},"48":{"start":{"line":75,"column":8},"end":{"line":75,"column":45}},"49":{"start":{"line":76,"column":8},"end":{"line":96,"column":9}},"50":{"start":{"line":77,"column":12},"end":{"line":77,"column":37}},"51":{"start":{"line":78,"column":12},"end":{"line":81,"column":13}},"52":{"start":{"line":79,"column":16},"end":{"line":79,"column":63}},"53":{"start":{"line":80,"column":16},"end":{"line":80,"column":36}},"54":{"start":{"line":82,"column":12},"end":{"line":86,"column":13}},"55":{"start":{"line":84,"column":16},"end":{"line":84,"column":57}},"56":{"start":{"line":85,"column":16},"end":{"line":85,"column":36}},"57":{"start":{"line":87,"column":12},"end":{"line":89,"column":13}},"58":{"start":{"line":88,"column":16},"end":{"line":88,"column":50}},"59":{"start":{"line":91,"column":13},"end":{"line":96,"column":9}},"60":{"start":{"line":92,"column":12},"end":{"line":95,"column":13}},"61":{"start":{"line":93,"column":16},"end":{"line":93,"column":57}},"62":{"start":{"line":94,"column":16},"end":{"line":94,"column":45}},"63":{"start":{"line":97,"column":8},"end":{"line":97,"column":21}},"64":{"start":{"line":99,"column":4},"end":{"line":108,"column":6}},"65":{"start":{"line":100,"column":8},"end":{"line":107,"column":9}},"66":{"start":{"line":101,"column":12},"end":{"line":101,"column":55}},"67":{"start":{"line":102,"column":12},"end":{"line":102,"column":49}},"68":{"start":{"line":103,"column":12},"end":{"line":103,"column":66}},"69":{"start":{"line":104,"column":12},"end":{"line":106,"column":13}},"70":{"start":{"line":105,"column":16},"end":{"line":105,"column":44}},"71":{"start":{"line":109,"column":4},"end":{"line":169,"column":6}},"72":{"start":{"line":110,"column":8},"end":{"line":110,"column":25}},"73":{"start":{"line":112,"column":8},"end":{"line":114,"column":9}},"74":{"start":{"line":113,"column":12},"end":{"line":113,"column":43}},"75":{"start":{"line":116,"column":8},"end":{"line":133,"column":9}},"76":{"start":{"line":117,"column":12},"end":{"line":117,"column":57}},"77":{"start":{"line":118,"column":12},"end":{"line":118,"column":51}},"78":{"start":{"line":119,"column":12},"end":{"line":131,"column":15}},"79":{"start":{"line":120,"column":16},"end":{"line":130,"column":17}},"80":{"start":{"line":121,"column":20},"end":{"line":121,"column":70}},"81":{"start":{"line":126,"column":20},"end":{"line":126,"column":79}},"82":{"start":{"line":128,"column":20},"end":{"line":128,"column":57}},"83":{"start":{"line":129,"column":20},"end":{"line":129,"column":59}},"84":{"start":{"line":132,"column":12},"end":{"line":132,"column":53}},"85":{"start":{"line":134,"column":8},"end":{"line":138,"column":9}},"86":{"start":{"line":135,"column":12},"end":{"line":135,"column":57}},"87":{"start":{"line":136,"column":12},"end":{"line":136,"column":51}},"88":{"start":{"line":137,"column":12},"end":{"line":137,"column":141}},"89":{"start":{"line":137,"column":54},"end":{"line":137,"column":137}},"90":{"start":{"line":139,"column":8},"end":{"line":152,"column":9}},"91":{"start":{"line":140,"column":12},"end":{"line":140,"column":57}},"92":{"start":{"line":141,"column":12},"end":{"line":141,"column":53}},"93":{"start":{"line":142,"column":12},"end":{"line":142,"column":50}},"94":{"start":{"line":143,"column":12},"end":{"line":143,"column":143}},"95":{"start":{"line":143,"column":56},"end":{"line":143,"column":139}},"96":{"start":{"line":144,"column":12},"end":{"line":144,"column":102}},"97":{"start":{"line":145,"column":12},"end":{"line":145,"column":58}},"98":{"start":{"line":146,"column":12},"end":{"line":151,"column":15}},"99":{"start":{"line":147,"column":16},"end":{"line":149,"column":17}},"100":{"start":{"line":148,"column":20},"end":{"line":148,"column":27}},"101":{"start":{"line":150,"column":16},"end":{"line":150,"column":109}},"102":{"start":{"line":153,"column":8},"end":{"line":157,"column":9}},"103":{"start":{"line":154,"column":12},"end":{"line":154,"column":57}},"104":{"start":{"line":155,"column":12},"end":{"line":155,"column":51}},"105":{"start":{"line":156,"column":12},"end":{"line":156,"column":141}},"106":{"start":{"line":156,"column":54},"end":{"line":156,"column":137}},"107":{"start":{"line":158,"column":8},"end":{"line":164,"column":9}},"108":{"start":{"line":159,"column":12},"end":{"line":159,"column":57}},"109":{"start":{"line":160,"column":12},"end":{"line":160,"column":51}},"110":{"start":{"line":161,"column":12},"end":{"line":161,"column":158}},"111":{"start":{"line":161,"column":62},"end":{"line":161,"column":154}},"112":{"start":{"line":162,"column":12},"end":{"line":162,"column":164}},"113":{"start":{"line":162,"column":65},"end":{"line":162,"column":160}},"114":{"start":{"line":163,"column":12},"end":{"line":163,"column":164}},"115":{"start":{"line":163,"column":65},"end":{"line":163,"column":160}},"116":{"start":{"line":165,"column":8},"end":{"line":167,"column":9}},"117":{"start":{"line":166,"column":12},"end":{"line":166,"column":157}},"118":{"start":{"line":168,"column":8},"end":{"line":168,"column":42}},"119":{"start":{"line":170,"column":4},"end":{"line":220,"column":6}},"120":{"start":{"line":171,"column":8},"end":{"line":171,"column":25}},"121":{"start":{"line":172,"column":8},"end":{"line":172,"column":75}},"122":{"start":{"line":172,"column":39},"end":{"line":172,"column":73}},"123":{"start":{"line":173,"column":8},"end":{"line":173,"column":57}},"124":{"start":{"line":173,"column":33},"end":{"line":173,"column":55}},"125":{"start":{"line":174,"column":8},"end":{"line":176,"column":9}},"126":{"start":{"line":175,"column":12},"end":{"line":175,"column":19}},"127":{"start":{"line":177,"column":8},"end":{"line":177,"column":48}},"128":{"start":{"line":178,"column":8},"end":{"line":219,"column":11}},"129":{"start":{"line":179,"column":12},"end":{"line":179,"column":54}},"130":{"start":{"line":180,"column":12},"end":{"line":218,"column":13}},"131":{"start":{"line":181,"column":16},"end":{"line":181,"column":63}},"132":{"start":{"line":182,"column":16},"end":{"line":213,"column":17}},"133":{"start":{"line":183,"column":20},"end":{"line":193,"column":21}},"134":{"start":{"line":184,"column":24},"end":{"line":189,"column":25}},"135":{"start":{"line":185,"column":28},"end":{"line":185,"column":85}},"136":{"start":{"line":188,"column":28},"end":{"line":188,"column":74}},"137":{"start":{"line":192,"column":24},"end":{"line":192,"column":54}},"138":{"start":{"line":197,"column":20},"end":{"line":212,"column":21}},"139":{"start":{"line":198,"column":24},"end":{"line":208,"column":25}},"140":{"start":{"line":199,"column":28},"end":{"line":204,"column":29}},"141":{"start":{"line":200,"column":32},"end":{"line":200,"column":85}},"142":{"start":{"line":203,"column":32},"end":{"line":203,"column":78}},"143":{"start":{"line":207,"column":28},"end":{"line":207,"column":56}},"144":{"start":{"line":211,"column":24},"end":{"line":211,"column":147}},"145":{"start":{"line":214,"column":16},"end":{"line":217,"column":17}},"146":{"start":{"line":215,"column":20},"end":{"line":215,"column":45}},"147":{"start":{"line":216,"column":20},"end":{"line":216,"column":38}},"148":{"start":{"line":221,"column":4},"end":{"line":223,"column":6}},"149":{"start":{"line":222,"column":8},"end":{"line":222,"column":72}},"150":{"start":{"line":224,"column":4},"end":{"line":226,"column":6}},"151":{"start":{"line":225,"column":8},"end":{"line":225,"column":80}},"152":{"start":{"line":227,"column":4},"end":{"line":229,"column":6}},"153":{"start":{"line":228,"column":8},"end":{"line":228,"column":74}},"154":{"start":{"line":230,"column":4},"end":{"line":232,"column":6}},"155":{"start":{"line":231,"column":8},"end":{"line":231,"column":74}},"156":{"start":{"line":233,"column":4},"end":{"line":235,"column":6}},"157":{"start":{"line":234,"column":8},"end":{"line":234,"column":78}},"158":{"start":{"line":236,"column":4},"end":{"line":238,"column":6}},"159":{"start":{"line":237,"column":8},"end":{"line":237,"column":77}},"160":{"start":{"line":239,"column":4},"end":{"line":241,"column":6}},"161":{"start":{"line":240,"column":8},"end":{"line":240,"column":61}},"162":{"start":{"line":242,"column":4},"end":{"line":248,"column":6}},"163":{"start":{"line":243,"column":8},"end":{"line":243,"column":51}},"164":{"start":{"line":244,"column":8},"end":{"line":244,"column":51}},"165":{"start":{"line":245,"column":8},"end":{"line":245,"column":51}},"166":{"start":{"line":246,"column":8},"end":{"line":246,"column":58}},"167":{"start":{"line":247,"column":8},"end":{"line":247,"column":59}},"168":{"start":{"line":249,"column":4},"end":{"line":249,"column":32}},"169":{"start":{"line":251,"column":0},"end":{"line":254,"column":51}},"170":{"start":{"line":255,"column":0},"end":{"line":259,"column":62}},"171":{"start":{"line":260,"column":0},"end":{"line":264,"column":63}},"172":{"start":{"line":265,"column":0},"end":{"line":269,"column":56}},"173":{"start":{"line":270,"column":0},"end":{"line":274,"column":69}},"174":{"start":{"line":275,"column":0},"end":{"line":280,"column":25}},"175":{"start":{"line":281,"column":0},"end":{"line":281,"column":52}}},"branchMap":{"1":{"line":2,"type":"binary-expr","locations":[{"start":{"line":2,"column":18},"end":{"line":2,"column":22}},{"start":{"line":2,"column":26},"end":{"line":2,"column":41}},{"start":{"line":2,"column":46},"end":{"line":7,"column":1}}]},"2":{"line":3,"type":"cond-expr","locations":[{"start":{"line":3,"column":42},"end":{"line":3,"column":48}},{"start":{"line":3,"column":51},"end":{"line":3,"column":125}}]},"3":{"line":3,"type":"cond-expr","locations":[{"start":{"line":3,"column":67},"end":{"line":3,"column":118}},{"start":{"line":3,"column":121},"end":{"line":3,"column":125}}]},"4":{"line":4,"type":"if","locations":[{"start":{"line":4,"column":4},"end":{"line":4,"column":4}},{"start":{"line":4,"column":4},"end":{"line":4,"column":4}}]},"5":{"line":4,"type":"binary-expr","locations":[{"start":{"line":4,"column":8},"end":{"line":4,"column":35}},{"start":{"line":4,"column":39},"end":{"line":4,"column":77}}]},"6":{"line":5,"type":"if","locations":[{"start":{"line":5,"column":58},"end":{"line":5,"column":58}},{"start":{"line":5,"column":58},"end":{"line":5,"column":58}}]},"7":{"line":5,"type":"binary-expr","locations":[{"start":{"line":5,"column":86},"end":{"line":5,"column":143}},{"start":{"line":5,"column":148},"end":{"line":5,"column":149}}]},"8":{"line":5,"type":"cond-expr","locations":[{"start":{"line":5,"column":94},"end":{"line":5,"column":98}},{"start":{"line":5,"column":101},"end":{"line":5,"column":143}}]},"9":{"line":5,"type":"cond-expr","locations":[{"start":{"line":5,"column":109},"end":{"line":5,"column":126}},{"start":{"line":5,"column":129},"end":{"line":5,"column":143}}]},"10":{"line":6,"type":"binary-expr","locations":[{"start":{"line":6,"column":11},"end":{"line":6,"column":16}},{"start":{"line":6,"column":20},"end":{"line":6,"column":21}},{"start":{"line":6,"column":25},"end":{"line":6,"column":62}}]},"11":{"line":8,"type":"binary-expr","locations":[{"start":{"line":8,"column":18},"end":{"line":8,"column":22}},{"start":{"line":8,"column":26},"end":{"line":8,"column":41}},{"start":{"line":8,"column":46},"end":{"line":10,"column":1}}]},"12":{"line":9,"type":"if","locations":[{"start":{"line":9,"column":4},"end":{"line":9,"column":4}},{"start":{"line":9,"column":4},"end":{"line":9,"column":4}}]},"13":{"line":9,"type":"binary-expr","locations":[{"start":{"line":9,"column":8},"end":{"line":9,"column":35}},{"start":{"line":9,"column":39},"end":{"line":9,"column":77}}]},"14":{"line":37,"type":"if","locations":[{"start":{"line":37,"column":16},"end":{"line":37,"column":16}},{"start":{"line":37,"column":16},"end":{"line":37,"column":16}}]},"15":{"line":66,"type":"if","locations":[{"start":{"line":66,"column":8},"end":{"line":66,"column":8}},{"start":{"line":66,"column":8},"end":{"line":66,"column":8}}]},"16":{"line":76,"type":"if","locations":[{"start":{"line":76,"column":8},"end":{"line":76,"column":8}},{"start":{"line":76,"column":8},"end":{"line":76,"column":8}}]},"17":{"line":78,"type":"if","locations":[{"start":{"line":78,"column":12},"end":{"line":78,"column":12}},{"start":{"line":78,"column":12},"end":{"line":78,"column":12}}]},"18":{"line":82,"type":"if","locations":[{"start":{"line":82,"column":12},"end":{"line":82,"column":12}},{"start":{"line":82,"column":12},"end":{"line":82,"column":12}}]},"19":{"line":82,"type":"binary-expr","locations":[{"start":{"line":82,"column":16},"end":{"line":82,"column":47}},{"start":{"line":82,"column":51},"end":{"line":82,"column":92}}]},"20":{"line":87,"type":"if","locations":[{"start":{"line":87,"column":12},"end":{"line":87,"column":12}},{"start":{"line":87,"column":12},"end":{"line":87,"column":12}}]},"21":{"line":91,"type":"if","locations":[{"start":{"line":91,"column":13},"end":{"line":91,"column":13}},{"start":{"line":91,"column":13},"end":{"line":91,"column":13}}]},"22":{"line":92,"type":"if","locations":[{"start":{"line":92,"column":12},"end":{"line":92,"column":12}},{"start":{"line":92,"column":12},"end":{"line":92,"column":12}}]},"23":{"line":100,"type":"if","locations":[{"start":{"line":100,"column":8},"end":{"line":100,"column":8}},{"start":{"line":100,"column":8},"end":{"line":100,"column":8}}]},"24":{"line":104,"type":"if","locations":[{"start":{"line":104,"column":12},"end":{"line":104,"column":12}},{"start":{"line":104,"column":12},"end":{"line":104,"column":12}}]},"25":{"line":112,"type":"if","locations":[{"start":{"line":112,"column":8},"end":{"line":112,"column":8}},{"start":{"line":112,"column":8},"end":{"line":112,"column":8}}]},"26":{"line":112,"type":"binary-expr","locations":[{"start":{"line":112,"column":12},"end":{"line":112,"column":23}},{"start":{"line":112,"column":27},"end":{"line":112,"column":55}}]},"27":{"line":116,"type":"if","locations":[{"start":{"line":116,"column":8},"end":{"line":116,"column":8}},{"start":{"line":116,"column":8},"end":{"line":116,"column":8}}]},"28":{"line":116,"type":"binary-expr","locations":[{"start":{"line":116,"column":12},"end":{"line":116,"column":27}},{"start":{"line":116,"column":31},"end":{"line":116,"column":63}}]},"29":{"line":120,"type":"if","locations":[{"start":{"line":120,"column":16},"end":{"line":120,"column":16}},{"start":{"line":120,"column":16},"end":{"line":120,"column":16}}]},"30":{"line":120,"type":"binary-expr","locations":[{"start":{"line":120,"column":20},"end":{"line":120,"column":36}},{"start":{"line":120,"column":40},"end":{"line":120,"column":78}}]},"31":{"line":134,"type":"if","locations":[{"start":{"line":134,"column":8},"end":{"line":134,"column":8}},{"start":{"line":134,"column":8},"end":{"line":134,"column":8}}]},"32":{"line":139,"type":"if","locations":[{"start":{"line":139,"column":8},"end":{"line":139,"column":8}},{"start":{"line":139,"column":8},"end":{"line":139,"column":8}}]},"33":{"line":147,"type":"if","locations":[{"start":{"line":147,"column":16},"end":{"line":147,"column":16}},{"start":{"line":147,"column":16},"end":{"line":147,"column":16}}]},"34":{"line":153,"type":"if","locations":[{"start":{"line":153,"column":8},"end":{"line":153,"column":8}},{"start":{"line":153,"column":8},"end":{"line":153,"column":8}}]},"35":{"line":158,"type":"if","locations":[{"start":{"line":158,"column":8},"end":{"line":158,"column":8}},{"start":{"line":158,"column":8},"end":{"line":158,"column":8}}]},"36":{"line":165,"type":"if","locations":[{"start":{"line":165,"column":8},"end":{"line":165,"column":8}},{"start":{"line":165,"column":8},"end":{"line":165,"column":8}}]},"37":{"line":172,"type":"if","locations":[{"start":{"line":172,"column":8},"end":{"line":172,"column":8}},{"start":{"line":172,"column":8},"end":{"line":172,"column":8}}]},"38":{"line":173,"type":"if","locations":[{"start":{"line":173,"column":8},"end":{"line":173,"column":8}},{"start":{"line":173,"column":8},"end":{"line":173,"column":8}}]},"39":{"line":174,"type":"if","locations":[{"start":{"line":174,"column":8},"end":{"line":174,"column":8}},{"start":{"line":174,"column":8},"end":{"line":174,"column":8}}]},"40":{"line":180,"type":"if","locations":[{"start":{"line":180,"column":12},"end":{"line":180,"column":12}},{"start":{"line":180,"column":12},"end":{"line":180,"column":12}}]},"41":{"line":182,"type":"if","locations":[{"start":{"line":182,"column":16},"end":{"line":182,"column":16}},{"start":{"line":182,"column":16},"end":{"line":182,"column":16}}]},"42":{"line":183,"type":"if","locations":[{"start":{"line":183,"column":20},"end":{"line":183,"column":20}},{"start":{"line":183,"column":20},"end":{"line":183,"column":20}}]},"43":{"line":184,"type":"if","locations":[{"start":{"line":184,"column":24},"end":{"line":184,"column":24}},{"start":{"line":184,"column":24},"end":{"line":184,"column":24}}]},"44":{"line":197,"type":"if","locations":[{"start":{"line":197,"column":20},"end":{"line":197,"column":20}},{"start":{"line":197,"column":20},"end":{"line":197,"column":20}}]},"45":{"line":198,"type":"if","locations":[{"start":{"line":198,"column":24},"end":{"line":198,"column":24}},{"start":{"line":198,"column":24},"end":{"line":198,"column":24}}]},"46":{"line":199,"type":"if","locations":[{"start":{"line":199,"column":28},"end":{"line":199,"column":28}},{"start":{"line":199,"column":28},"end":{"line":199,"column":28}}]},"47":{"line":214,"type":"if","locations":[{"start":{"line":214,"column":16},"end":{"line":214,"co
[...]
1.2\"","    },","    \"npm:browserify-cipher@1.0.0\": {","      \"browserify-aes\": \"npm:browserify-aes@1.0.6\",","      \"browserify-des\": \"npm:browserify-des@1.0.0\",","      \"buffer\": \"github:jspm/nodelibs-buffer@0.1.0\",","      \"crypto\": \"github:jspm/nodelibs-crypto@0.1.0\",","      \"evp_bytestokey\": \"npm:evp_bytestokey@1.0.0\"","    },","    \"npm:browserify-des@1.0.0\": {","      \"buffer\": \"github:jspm/nodelibs-buffer@0.1.0\",","      \"cipher-base\": \"npm:cipher-base@1.0.3\",","      \"crypto\": \"github:jspm/nodelibs-crypto@0.1.0\",","      \"des.js\": \"npm:des.js@1.0.0\",","      \"inherits\": \"npm:inherits@2.0.1\"","    },","    \"npm:browserify-rsa@4.0.1\": {","      \"bn.js\": \"npm:bn.js@4.11.6\",","      \"buffer\": \"github:jspm/nodelibs-buffer@0.1.0\",","      \"constants\": \"github:jspm/nodelibs-constants@0.1.0\",","      \"crypto\": \"github:jspm/nodelibs-crypto@0.1.0\",","      \"randombytes\": \"npm:randombytes@2.0.3\"","    },","    \"npm:browserify-sign@4.0.0\": {","      \"bn.js\": \"npm:bn.js@4.11.6\",","      \"browserify-rsa\": \"npm:browserify-rsa@4.0.1\",","      \"buffer\": \"github:jspm/nodelibs-buffer@0.1.0\",","      \"create-hash\": \"npm:create-hash@1.1.2\",","      \"create-hmac\": \"npm:create-hmac@1.1.4\",","      \"crypto\": \"github:jspm/nodelibs-crypto@0.1.0\",","      \"elliptic\": \"npm:elliptic@6.3.2\",","      \"inherits\": \"npm:inherits@2.0.1\",","      \"parse-asn1\": \"npm:parse-asn1@5.0.0\",","      \"stream\": \"github:jspm/nodelibs-stream@0.1.0\"","    },","    \"npm:buffer-xor@1.0.3\": {","      \"buffer\": \"github:jspm/nodelibs-buffer@0.1.0\",","      \"systemjs-json\": \"github:systemjs/plugin-json@0.1.2\"","    },","    \"npm:buffer@3.6.0\": {","      \"base64-js\": \"npm:base64-js@0.0.8\",","      \"child_process\": \"github:jspm/nodelibs-child_process@0.1.0\",","      \"fs\": \"github:jspm/nodelibs-fs@0.1.2\",","      \"ieee754\": \"npm:ieee754@1.1.8\",","      \"isarray\": \"npm:isarray@1.0.0\",","      \"process\": \"github:jspm/nodelibs-process@0.1.2\"","    },","    \"npm:cipher-base@1.0.3\": {","      \"buffer\": \"github:jspm/nodelibs-buffer@0.1.0\",","      \"inherits\": \"npm:inherits@2.0.1\",","      \"stream\": \"github:jspm/nodelibs-stream@0.1.0\",","      \"string_decoder\": \"github:jspm/nodelibs-string_decoder@0.1.0\"","    },","    \"npm:clean-css@3.4.20\": {","      \"buffer\": \"github:jspm/nodelibs-buffer@0.1.0\",","      \"commander\": \"npm:commander@2.8.1\",","      \"fs\": \"github:jspm/nodelibs-fs@0.1.2\",","      \"http\": \"github:jspm/nodelibs-http@1.7.1\",","      \"https\": \"github:jspm/nodelibs-https@0.1.0\",","      \"os\": \"github:jspm/nodelibs-os@0.1.0\",","      \"path\": \"github:jspm/nodelibs-path@0.1.0\",","      \"process\": \"github:jspm/nodelibs-process@0.1.2\",","      \"source-map\": \"npm:source-map@0.4.4\",","      \"url\": \"github:jspm/nodelibs-url@0.1.0\",","      \"util\": \"github:jspm/nodelibs-util@0.1.0\"","    },","    \"npm:commander@2.8.1\": {","      \"child_process\": \"github:jspm/nodelibs-child_process@0.1.0\",","      \"events\": \"github:jspm/nodelibs-events@0.1.1\",","      \"fs\": \"github:jspm/nodelibs-fs@0.1.2\",","      \"graceful-readlink\": \"npm:graceful-readlink@1.0.1\",","      \"path\": \"github:jspm/nodelibs-path@0.1.0\",","      \"process\": \"github:jspm/nodelibs-process@0.1.2\"","    },","    \"npm:constants-browserify@0.0.1\": {","      \"systemjs-json\": \"github:systemjs/plugin-json@0.1.2\"","    },","    \"npm:core-util-is@1.0.2\": {","      \"buffer\": \"github:jspm/nodelibs-buffer@0.1.0\"","    },","    \"npm:create-ecdh@4.0.0\": {","      \"bn.js\": \"npm:bn.js@4.11.6\",","      \"buffer\": \"github:jspm/nodelibs-buffer@0.1.0\",","      \"crypto\": \"github:jspm/nodelibs-crypto@0.1.0\",","      \"elliptic\": \"npm:elliptic@6.3.2\"","    },","    \"npm:create-hash@1.1.2\": {","      \"buffer\": \"github:jspm/nodelibs-buffer@0.1.0\",","      \"cipher-base\": \"npm:cipher-base@1.0.3\",","      \"crypto\": \"github:jspm/nodelibs-crypto@0.1.0\",","      \"fs\": \"github:jspm/nodelibs-fs@0.1.2\",","      \"inherits\": \"npm:inherits@2.0.1\",","      \"ripemd160\": \"npm:ripemd160@1.0.1\",","      \"sha.js\": \"npm:sha.js@2.4.5\"","    },","    \"npm:create-hmac@1.1.4\": {","      \"buffer\": \"github:jspm/nodelibs-buffer@0.1.0\",","      \"create-hash\": \"npm:create-hash@1.1.2\",","      \"crypto\": \"github:jspm/nodelibs-crypto@0.1.0\",","      \"inherits\": \"npm:inherits@2.0.1\",","      \"stream\": \"github:jspm/nodelibs-stream@0.1.0\"","    },","    \"npm:crypto-browserify@3.11.0\": {","      \"browserify-cipher\": \"npm:browserify-cipher@1.0.0\",","      \"browserify-sign\": \"npm:browserify-sign@4.0.0\",","      \"create-ecdh\": \"npm:create-ecdh@4.0.0\",","      \"create-hash\": \"npm:create-hash@1.1.2\",","      \"create-hmac\": \"npm:create-hmac@1.1.4\",","      \"diffie-hellman\": \"npm:diffie-hellman@5.0.2\",","      \"inherits\": \"npm:inherits@2.0.1\",","      \"pbkdf2\": \"npm:pbkdf2@3.0.9\",","      \"public-encrypt\": \"npm:public-encrypt@4.0.0\",","      \"randombytes\": \"npm:randombytes@2.0.3\"","    },","    \"npm:des.js@1.0.0\": {","      \"buffer\": \"github:jspm/nodelibs-buffer@0.1.0\",","      \"inherits\": \"npm:inherits@2.0.1\",","      \"minimalistic-assert\": \"npm:minimalistic-assert@1.0.0\"","    },","    \"npm:diffie-hellman@5.0.2\": {","      \"bn.js\": \"npm:bn.js@4.11.6\",","      \"buffer\": \"github:jspm/nodelibs-buffer@0.1.0\",","      \"crypto\": \"github:jspm/nodelibs-crypto@0.1.0\",","      \"miller-rabin\": \"npm:miller-rabin@4.0.0\",","      \"randombytes\": \"npm:randombytes@2.0.3\",","      \"systemjs-json\": \"github:systemjs/plugin-json@0.1.2\"","    },","    \"npm:elliptic@6.3.2\": {","      \"bn.js\": \"npm:bn.js@4.11.6\",","      \"brorand\": \"npm:brorand@1.0.6\",","      \"hash.js\": \"npm:hash.js@1.0.3\",","      \"inherits\": \"npm:inherits@2.0.1\",","      \"systemjs-json\": \"github:systemjs/plugin-json@0.1.2\"","    },","    \"npm:evp_bytestokey@1.0.0\": {","      \"buffer\": \"github:jspm/nodelibs-buffer@0.1.0\",","      \"create-hash\": \"npm:create-hash@1.1.2\",","      \"crypto\": \"github:jspm/nodelibs-crypto@0.1.0\"","    },","    \"npm:graceful-readlink@1.0.1\": {","      \"fs\": \"github:jspm/nodelibs-fs@0.1.2\"","    },","    \"npm:hash.js@1.0.3\": {","      \"inherits\": \"npm:inherits@2.0.1\"","    },","    \"npm:https-browserify@0.0.0\": {","      \"http\": \"github:jspm/nodelibs-http@1.7.1\"","    },","    \"npm:inherits@2.0.1\": {","      \"util\": \"github:jspm/nodelibs-util@0.1.0\"","    },","    \"npm:isarray@1.0.0\": {","      \"systemjs-json\": \"github:systemjs/plugin-json@0.1.2\"","    },","    \"npm:materialize-css@0.97.8\": {","      \"css\": \"github:systemjs/plugin-css@0.1.32\",","      \"jquery\": \"github:components/jquery@3.1.1\"","    },","    \"npm:miller-rabin@4.0.0\": {","      \"bn.js\": \"npm:bn.js@4.11.6\",","      \"brorand\": \"npm:brorand@1.0.6\"","    },","    \"npm:os-browserify@0.1.2\": {","      \"os\": \"github:jspm/nodelibs-os@0.1.0\"","    },","    \"npm:parse-asn1@5.0.0\": {","      \"asn1.js\": \"npm:asn1.js@4.8.1\",","      \"browserify-aes\": \"npm:browserify-aes@1.0.6\",","      \"buffer\": \"github:jspm/nodelibs-buffer@0.1.0\",","      \"create-hash\": \"npm:create-hash@1.1.2\",","      \"evp_bytestokey\": \"npm:evp_bytestokey@1.0.0\",","      \"pbkdf2\": \"npm:pbkdf2@3.0.9\",","      \"systemjs-json\": \"github:systemjs/plugin-json@0.1.2\"","    },","    \"npm:path-browserify@0.0.0\": {","      \"process\": \"github:jspm/nodelibs-process@0.1.2\"","    },","    \"npm:pbkdf2@3.0.9\": {","      \"buffer\": \"github:jspm/nodelibs-buffer@0.1.0\",","      \"create-hmac\": \"npm:create-hmac@1.1.4\",","      \"crypto\": \"github:jspm/nodelibs-crypto@0.1.0\",","      \"process\": \"github:jspm/nodelibs-process@0.1.2\"","    },","    \"npm:process@0.11.9\": {","      \"assert\": \"github:jspm/nodelibs-assert@0.1.0\",","      \"fs\": \"github:jspm/nodelibs-fs@0.1.2\",","      \"vm\": \"github:jspm/nodelibs-vm@0.1.0\"","    },","    \"npm:public-encrypt@4.0.0\": {","      \"bn.js\": \"npm:bn.js@4.11.6\",","      \"browserify-rsa\": \"npm:browserify-rsa@4.0.1\",","      \"buffer\": \"github:jspm/nodelibs-buffer@0.1.0\",","      \"create-hash\": \"npm:create-hash@1.1.2\",","      \"crypto\": \"github:jspm/nodelibs-crypto@0.1.0\",","      \"parse-asn1\": \"npm:parse-asn1@5.0.0\",","      \"randombytes\": \"npm:randombytes@2.0.3\"","    },","    \"npm:punycode@1.3.2\": {","      \"process\": \"github:jspm/nodelibs-process@0.1.2\"","    },","    \"npm:randombytes@2.0.3\": {","      \"buffer\": \"github:jspm/nodelibs-buffer@0.1.0\",","      \"crypto\": \"github:jspm/nodelibs-crypto@0.1.0\",","      \"process\": \"github:jspm/nodelibs-process@0.1.2\"","    },","    \"npm:readable-stream@1.1.14\": {","      \"buffer\": \"github:jspm/nodelibs-buffer@0.1.0\",","      \"core-util-is\": \"npm:core-util-is@1.0.2\",","      \"events\": \"github:jspm/nodelibs-events@0.1.1\",","      \"inherits\": \"npm:inherits@2.0.1\",","      \"isarray\": \"npm:isarray@0.0.1\",","      \"process\": \"github:jspm/nodelibs-process@0.1.2\",","      \"stream-browserify\": \"npm:stream-browserify@1.0.0\",","      \"string_decoder\": \"npm:string_decoder@0.10.31\"","    },","    \"npm:ripemd160@1.0.1\": {","      \"buffer\": \"github:jspm/nodelibs-buffer@0.1.0\",","      \"process\": \"github:jspm/nodelibs-process@0.1.2\"","    },","    \"npm:rxjs@5.0.0-beta.12\": {","      \"buffer\": \"github:jspm/nodelibs-buffer@0.1.0\",","      \"process\": \"github:jspm/nodelibs-process@0.1.2\",","      \"symbol-observable\": \"npm:symbol-observable@1.0.4\"","    },","    \"npm:sha.js@2.4.5\": {","      \"buffer\": \"github:jspm/nodelibs-buffer@0.1.0\",","      \"fs\": \"github:jspm/nodelibs-fs@0.1.2\",","      \"inherits\": \"npm:inherits@2.0.1\",","      \"process\": \"github:jspm/nodelibs-process@0.1.2\"","    },","    \"npm:source-map-support@0.4.6\": {","      \"assert\": \"github:jspm/nodelibs-assert@0.1.0\",","      \"buffer\": \"github:jspm/nodelibs-buffer@0.1.0\",","      \"child_process\": \"github:jspm/nodelibs-child_process@0.1.0\",","      \"fs\": \"github:jspm/nodelibs-fs@0.1.2\",","      \"module\": \"github:jspm/nodelibs-module@0.1.0\",","      \"path\": \"github:jspm/nodelibs-path@0.1.0\",","      \"process\": \"github:jspm/nodelibs-process@0.1.2\",","      \"querystring\": \"github:jspm/nodelibs-querystring@0.1.0\",","      \"source-map\": \"npm:source-map@0.5.6\"","    },","    \"npm:source-map@0.4.4\": {","      \"amdefine\": \"npm:amdefine@1.0.0\",","      \"process\": \"github:jspm/nodelibs-process@0.1.2\"","    },","    \"npm:source-map@0.5.6\": {","      \"process\": \"github:jspm/nodelibs-process@0.1.2\"","    },","    \"npm:stream-browserify@1.0.0\": {","      \"events\": \"github:jspm/nodelibs-events@0.1.1\",","      \"inherits\": \"npm:inherits@2.0.1\",","      \"readable-stream\": \"npm:readable-stream@1.1.14\"","    },","    \"npm:string_decoder@0.10.31\": {","      \"buffer\": \"github:jspm/nodelibs-buffer@0.1.0\"","    },","    \"npm:timers-browserify@1.4.2\": {","      \"process\": \"npm:process@0.11.9\"","    },","    \"npm:typescript@2.0.6\": {","      \"crypto\": \"github:jspm/nodelibs-crypto@0.1.0\",","      \"http\": \"github:jspm/nodelibs-http@1.7.1\",","      \"net\": \"github:jspm/nodelibs-net@0.1.2\",","      \"os\": \"github:jspm/nodelibs-os@0.1.0\",","      \"source-map-support\": \"npm:source-map-support@0.4.6\"","    },","    \"npm:url@0.10.3\": {","      \"assert\": \"github:jspm/nodelibs-assert@0.1.0\",","      \"punycode\": \"npm:punycode@1.3.2\",","      \"querystring\": \"npm:querystring@0.2.0\",","      \"util\": \"github:jspm/nodelibs-util@0.1.0\"","    },","    \"npm:util@0.10.3\": {","      \"inherits\": \"npm:inherits@2.0.1\",","      \"process\": \"github:jspm/nodelibs-process@0.1.2\"","    },","    \"npm:vm-browserify@0.0.4\": {","      \"indexof\": \"npm:indexof@0.0.1\"","    },","    \"npm:zone.js@0.6.26\": {","      \"crypto\": \"github:jspm/nodelibs-crypto@0.1.0\",","      \"events\": \"github:jspm/nodelibs-events@0.1.1\",","      \"fs\": \"github:jspm/nodelibs-fs@0.1.2\",","      \"process\": \"github:jspm/nodelibs-process@0.1.2\",","      \"timers\": \"github:jspm/nodelibs-timers@0.1.0\"","    }","  }","});",""],"l":{"1":2}},"/home/travis/build/npmtest/node-npmtest-angular2-materialize/node_modules/angular2-materialize/gulpfile.js":{"path":"/home/travis/build/npmtest/node-npmtest-angular2-materialize/node_modules/angular2-materialize/gulpfile.js","s":{"1":2,"2":0,"3":0,"4":0,"5":0,"6":0,"7":0,"8":0,"9":0,"10":0,"11":0,"12":0,"13":0,"14":0,"15":0,"16":0,"17":0,"18":0,"19":0,"20":0,"21":0,"22":0,"23":0,"24":0,"25":0,"26":0,"27":0,"28":0,"29":0,"30":0},"b":{"1":[0,0]},"f":{"1":0,"2":0,"3":0,"4":0,"5":0,"6":0,"7":0,"8":0,"9":0},"fnMap":{"1":{"name":"(anonymous_1)","line":14,"loc":{"start":{"line":14,"column":19},"end":{"line":14,"column":31}}},"2":{"name":"(anonymous_2)","line":18,"loc":{"start":{"line":18,"column":25},"end":{"line":18,"column":35}}},"3":{"name":"(anonymous_3)","line":22,"loc":{"start":{"line":22,"column":17},"end":{"line":22,"column":29}}},"4":{"name":"(anonymous_4)","line":29,"loc":{"start":{"line":29,"column":17},"end":{"line":29,"column":31}}},"5":{"name":"(anonymous_5)","line":30,"loc":{"start":{"line":30,"column":35},"end":{"line":30,"column":65}}},"6":{"name":"(anonymous_6)","line":37,"loc":{"start":{"line":37,"column":18},"end":{"line":37,"column":28}}},"7":{"name":"(anonymous_7)","line":41,"loc":{"start":{"line":41,"column":21},"end":{"line":41,"column":33}}},"8":{"name":"(anonymous_8)","line":46,"loc":{"start":{"line":46,"column":21},"end":{"line":46,"column":41}}},"9":{"name":"(anonymous_9)","line":53,"loc":{"start":{"line":53,"column":8},"end":{"line":53,"column":25}}}},"statementMap":{"1":{"start":{"line":1,"column":0},"end":{"line":1,"column":27}},"2":{"start":{"line":2,"column":0},"end":{"line":2,"column":36}},"3":{"start":{"line":3,"column":0},"end":{"line":3,"column":42}},"4":{"start":{"line":4,"column":0},"end":{"line":4,"column":37}},"5":{"start":{"line":5,"column":0},"end":{"line":5,"column":41}},"6":{"start":{"line":7,"column":0},"end":{"line":12,"column":2}},"7":{"start":{"line":14,"column":0},"end":{"line":16,"column":3}},"8":{"start":{"line":15,"column":4},"end":{"line":15,"column":75}},"9":{"start":{"line":18,"column":0},"end":{"line":20,"column":3}},"10":{"start":{"line":19,"column":4},"end":{"line":19,"column":67}},"11":{"start":{"line":22,"column":0},"end":{"line":27,"column":3}},"12":{"start":{"line":23,"column":4},"end":{"line":23,"column":89}},"13":{"start":{"line":24,"column":4},"end":{"line":24,"column":56}},"14":{"start":{"line":25,"column":4},"end":{"line":25,"column":41}},"15":{"start":{"line":26,"column":4},"end":{"line":26,"column":52}},"16":{"start":{"line":29,"column":0},"end":{"line":35,"column":3}},"17":{"start":{"line":30,"column":2},"end":{"line":34,"column":5}},"18":{"start":{"line":31,"column":4},"end":{"line":31,"column":24}},"19":{"start":{"line":32,"column":4},"end":{"line":32,"column":24}},"20":{"start":{"line":33,"column":4},"end":{"line":33,"column":12}},"21":{"start":{"line":37,"column":0},"end":{"line":39,"column":3}},"22":{"start":{"line":38,"column":4},"end":{"line":38,"column":72}},"23":{"start":{"line":41,"column":0},"end":{"line":43,"column":3}},"24":{"start":{"line":42,"column":4},"end":{"line":42,"column":79}},"25":{"start":{"line":46,"column":0},"end":{"line":61,"column":3}},"26":{"start":{"line":47,"column":4},"end":{"line":60,"column":11}},"27":{"start":{"line":54,"column":12},"end":{"line":58,"column":13}},"28":{"start":{"line":55,"column":16},"end":{"line":55,"column":43}},"29":{"start":{"line":57,"column":16},"end":{"line":57,"column":53}},"30":{"start":{"line":59,"column":12},"end":{"line":59,"column":28}}},"branchMap":{"1":{"line":54,"type":"if","locations":[{"start":{"line":54,"column":12},"end":{"line":54,"column":12}},{"start":{"line":54,"column":12},"end":{"line":54,"column":12}}]}},"code":["var gulp = require('gulp');","var rimraf = require('gulp-rimraf');","var runSequence = require('run-sequence');","var tsc = require('gulp-typescript');","var exec = require('child_process').exec;","","var paths = {","    dist: './dist',","    sourceFiles: ['./src/*'],","    toDelete: ['./dist/index.ts','./dist/custom-event-polyfill.ts','./dist/materialize-directive.ts','./dist/materialize-module.ts','./dist/src','./dist/app','./dist/test'],","    distSourcesFiles: ['./dist/src/*']","};","","gulp.task('clean', function () {","    return gulp.src(paths.dist, {read: false}).pipe(rimraf({force: true}));","});","","gulp.task('copySources', function(){","    return gulp.src(paths.sourceFiles).pipe(gulp.dest(paths.dist));","});","","gulp.task('tsc', function () {","    var tsProject = tsc.createProject('tsconfig.json', {outDir:\"dist\",declaration:true});","    var tsResult = tsProject.src().pipe(tsc(tsProject));","    tsResult.pipe(gulp.dest(paths.dist));","    return tsResult.dts.pipe(gulp.dest(paths.dist));","});","","gulp.task('ngc', function (cb) {","  exec('ngc -p tsconfig-ngc.json', function(err, stdout, stderr) {","    console.log(stdout);","    console.log(stderr);","    cb(err);","  });","});","","gulp.task('copy', function(){","    return gulp.src(paths.distSourcesFiles).pipe(gulp.dest(paths.dist));","});","","gulp.task('cleanup', function () {","    return gulp.src(paths.toDelete, {read: false}).pipe(rimraf({force: true}));","});","","// entry point - run tasks in a sequence","gulp.task('default', function (callback) {","    runSequence(","        'clean',","        'copySources',","        'ngc',","        'copy',","        'cleanup',","        function (error) {","            if (error) {","                console.log(error.message);","            } else {","                console.log('FINISHED SUCCESSFULLY');","            }","            callback(error);","        });","});",""],"l":{"1":2,"2":0,"3":0,"4":0,"5":0,"7":0,"14":0,"15":0,"18":0,"19":0,"22":0,"23":0,"24":0,"25":0,"26":0,"29":0,"30":0,"31":0,"32":0,"33":0,"37":0,"38":0,"41":0,"42":0,"46":0,"47":0,"54":0,"55":0,"57":0,"59":0}},"/home/travis/build/npmtest/node-npmtest-angular2-materialize/node_modules/angular2-materialize/webpack.config.js":{"path":"/home/travis/build/npmtest/node-npmtest-angular2-materialize/node_modules/angular2-materialize/webpack.config.js","s":{"1":2,"2":0},"b":{},"f":{},"fnMap":{},"statementMap":{"1":{"start":{"line":1,"column":0},"end":{"line":1,"column":33}},"2":{"start":{"line":2,"column":0},"end":{"line":38,"column":2}}},"branchMap":{},"code":["var webpack = require(\"webpack\");","module.exports = {","    entry: \"./app/main.ts\",","    output: {","        path: __dirname + \"/webpack-dist\",","        filename: \"bundle.js\"","    },","    devtool: 'source-map',","    resolve: {","        alias: {","          \"materialize-css\": 'materialize-css/dist/css/materialize.css'","        },","        extensions: ['', '.webpack.js', '.web.js', '.ts', '.js', '.css']","    },","    externals: {","        jquery: 'jQuery'","  },","    module: {","        loaders: [","            {","              test: /materialize-css\\/dist\\/js\\/materialize\\.js/,","              loader: 'imports?materialize-css'","            },","            { test: /\\.ts$/, loader: 'ts-loader' },","            { test: /\\.css$/, loader: 'style-loader!css-loader' },","            { test: /.(png|woff(2)?|eot|ttf|svg)(\\?[a-z0-9=\\.]+)?$/, loader: 'url-loader?limit=100000' }","        ]","    },","    noParse: [ /.+zone\\.js\\/dist\\/.+/, /.+angular2\\/bundles\\/.+/ ],","    plugins: [","        new webpack.ProvidePlugin({","            $: \"jquery\",","            jQuery: \"jquery\",","            \"window.jQuery\": \"jquery\",","            Hammer: \"hammerjs/hammer\"","        })","    ]","};",""],"l":{"1":2,"2":0}}}